<?xml version="1.0" encoding="UTF-8"?>
<testsuite xmlns:xsi="http://www.w3.org/2001/XMLSchema-instance" xsi:noNamespaceSchemaLocation="https://maven.apache.org/surefire/maven-surefire-plugin/xsd/surefire-test-report-3.0.xsd" version="3.0" name="com.example.flowable.FlowableApplicationTests" time="5.661" tests="5" errors="0" skipped="0" failures="0">
  <properties>
[...]
</properties>
  <testcase name="testProcessDefinitionsAreDeployed" classname="com.example.flowable.FlowableApplicationTests" time="0.502">
    <system-out><![CDATA[03:24:28.075 [main] INFO org.springframework.test.context.support.AnnotationConfigContextLoaderUtils -- Could not detect default configuration classes for test class [com.example.flowable.FlowableApplicationTests]: FlowableApplicationTests does not declare any static, non-private, non-final, nested classes annotated with @Configuration.
03:24:28.149 [main] INFO org.springframework.boot.test.context.SpringBootTestContextBootstrapper -- Found @SpringBootConfiguration com.example.flowable.FlowableApplication for test class com.example.flowable.FlowableApplicationTests
03:24:28.250 [main] INFO org.springframework.boot.devtools.restart.RestartApplicationListener -- Restart disabled due to context in which it is running

  .   ____          _            __ _ _
 /\\ / ___'_ __ _ _(_)_ __  __ _ \ \ \ \
( ( )\___ | '_ | '_| | '_ \/ _` | \ \ \ \
 \\/  ___)| |_)| | | | | || (_| |  ) ) ) )
  '  |____| .__|_| |_|_| |_\__, | / / / /
 =========|_|==============|___/=/_/_/_/
 :: Spring Boot ::                (v3.2.0)

2025-07-01T03:24:28.448Z  INFO 2979 --- [flowable-spring-boot] [           main] c.e.flowable.FlowableApplicationTests    : Starting FlowableApplicationTests using Java 21.0.7 with PID 2979 (started by ubuntu in /workspace)
2025-07-01T03:24:28.449Z DEBUG 2979 --- [flowable-spring-boot] [           main] c.e.flowable.FlowableApplicationTests    : Running with Spring Boot v3.2.0, Spring v6.1.1
2025-07-01T03:24:28.450Z  INFO 2979 --- [flowable-spring-boot] [           main] c.e.flowable.FlowableApplicationTests    : No active profile set, falling back to 1 default profile: "default"
2025-07-01T03:24:29.018Z  INFO 2979 --- [flowable-spring-boot] [           main] .s.d.r.c.RepositoryConfigurationDelegate : Bootstrapping Spring Data JPA repositories in DEFAULT mode.
2025-07-01T03:24:29.032Z  INFO 2979 --- [flowable-spring-boot] [           main] .s.d.r.c.RepositoryConfigurationDelegate : Finished Spring Data repository scanning in 9 ms. Found 0 JPA repository interfaces.
2025-07-01T03:24:29.320Z  INFO 2979 --- [flowable-spring-boot] [           main] o.hibernate.jpa.internal.util.LogHelper  : HHH000204: Processing PersistenceUnitInfo [name: default]
2025-07-01T03:24:29.353Z  INFO 2979 --- [flowable-spring-boot] [           main] org.hibernate.Version                    : HHH000412: Hibernate ORM core version 6.3.1.Final
2025-07-01T03:24:29.371Z  INFO 2979 --- [flowable-spring-boot] [           main] o.h.c.internal.RegionFactoryInitiator    : HHH000026: Second-level cache disabled
2025-07-01T03:24:29.499Z  INFO 2979 --- [flowable-spring-boot] [           main] o.s.o.j.p.SpringPersistenceUnitInfo      : No LoadTimeWeaver setup: ignoring JPA class transformer
2025-07-01T03:24:29.515Z  INFO 2979 --- [flowable-spring-boot] [           main] com.zaxxer.hikari.HikariDataSource       : HikariPool-1 - Starting...
2025-07-01T03:24:29.623Z  INFO 2979 --- [flowable-spring-boot] [           main] com.zaxxer.hikari.pool.HikariPool        : HikariPool-1 - Added connection conn0: url=jdbc:h2:mem:flowable user=SA
2025-07-01T03:24:29.624Z  INFO 2979 --- [flowable-spring-boot] [           main] com.zaxxer.hikari.HikariDataSource       : HikariPool-1 - Start completed.
2025-07-01T03:24:29.639Z  WARN 2979 --- [flowable-spring-boot] [           main] org.hibernate.orm.deprecation            : HHH90000025: H2Dialect does not need to be specified explicitly using 'hibernate.dialect' (remove the property setting and it will be selected by default)
2025-07-01T03:24:29.821Z  INFO 2979 --- [flowable-spring-boot] [           main] o.h.e.t.j.p.i.JtaPlatformInitiator       : HHH000489: No JTA platform available (set 'hibernate.transaction.jta.platform' to enable JTA platform integration)
2025-07-01T03:24:29.824Z  INFO 2979 --- [flowable-spring-boot] [           main] j.LocalContainerEntityManagerFactoryBean : Initialized JPA EntityManagerFactory for persistence unit 'default'
2025-07-01T03:24:30.012Z  INFO 2979 --- [flowable-spring-boot] [           main] o.f.s.b.c.CmmnEngineAutoConfiguration    : No deployment resources were found for autodeployment
2025-07-01T03:24:30.036Z  INFO 2979 --- [flowable-spring-boot] [           main] o.f.s.b.dmn.DmnEngineAutoConfiguration   : No deployment resources were found for autodeployment
2025-07-01T03:24:30.051Z  INFO 2979 --- [flowable-spring-boot] [           main] o.f.s.b.e.EventRegistryAutoConfiguration : No deployment resources were found for autodeployment
2025-07-01T03:24:30.062Z  INFO 2979 --- [flowable-spring-boot] [           main] o.f.s.b.app.AppEngineAutoConfiguration   : No deployment resources were found for autodeployment
2025-07-01T03:24:30.067Z  INFO 2979 --- [flowable-spring-boot] [           main] o.f.a.s.SpringAppEngineConfiguration     : Found 5 Engine Configurators in total:
2025-07-01T03:24:30.067Z  INFO 2979 --- [flowable-spring-boot] [           main] o.f.a.s.SpringAppEngineConfiguration     : class org.flowable.engine.spring.configurator.SpringProcessEngineConfigurator (priority:50000)
2025-07-01T03:24:30.067Z  INFO 2979 --- [flowable-spring-boot] [           main] o.f.a.s.SpringAppEngineConfiguration     : class org.flowable.eventregistry.spring.configurator.SpringEventRegistryConfigurator (priority:100000)
2025-07-01T03:24:30.067Z  INFO 2979 --- [flowable-spring-boot] [           main] o.f.a.s.SpringAppEngineConfiguration     : class org.flowable.idm.spring.configurator.SpringIdmEngineConfigurator (priority:150000)
2025-07-01T03:24:30.067Z  INFO 2979 --- [flowable-spring-boot] [           main] o.f.a.s.SpringAppEngineConfiguration     : class org.flowable.dmn.spring.configurator.SpringDmnEngineConfigurator (priority:200000)
2025-07-01T03:24:30.067Z  INFO 2979 --- [flowable-spring-boot] [           main] o.f.a.s.SpringAppEngineConfiguration     : class org.flowable.cmmn.spring.configurator.SpringCmmnEngineConfigurator (priority:500000)
2025-07-01T03:24:30.067Z  INFO 2979 --- [flowable-spring-boot] [           main] o.f.a.s.SpringAppEngineConfiguration     : Executing beforeInit() of class org.flowable.engine.spring.configurator.SpringProcessEngineConfigurator (priority:50000)
2025-07-01T03:24:30.086Z  INFO 2979 --- [flowable-spring-boot] [           main] o.f.a.s.SpringAppEngineConfiguration     : Executing beforeInit() of class org.flowable.eventregistry.spring.configurator.SpringEventRegistryConfigurator (priority:100000)
2025-07-01T03:24:30.089Z  INFO 2979 --- [flowable-spring-boot] [           main] o.f.a.s.SpringAppEngineConfiguration     : Executing beforeInit() of class org.flowable.idm.spring.configurator.SpringIdmEngineConfigurator (priority:150000)
2025-07-01T03:24:30.091Z  INFO 2979 --- [flowable-spring-boot] [           main] o.f.a.s.SpringAppEngineConfiguration     : Executing beforeInit() of class org.flowable.dmn.spring.configurator.SpringDmnEngineConfigurator (priority:200000)
2025-07-01T03:24:30.094Z  INFO 2979 --- [flowable-spring-boot] [           main] o.f.a.s.SpringAppEngineConfiguration     : Executing beforeInit() of class org.flowable.cmmn.spring.configurator.SpringCmmnEngineConfigurator (priority:500000)
2025-07-01T03:24:30.125Z DEBUG 2979 --- [flowable-spring-boot] [           main] o.f.a.s.SpringAppEngineConfiguration     : database product name: 'H2'
2025-07-01T03:24:30.125Z DEBUG 2979 --- [flowable-spring-boot] [           main] o.f.a.s.SpringAppEngineConfiguration     : using database type: h2
2025-07-01T03:24:30.856Z  INFO 2979 --- [flowable-spring-boot] [           main] o.f.a.s.SpringAppEngineConfiguration     : Executing configure() of class org.flowable.engine.spring.configurator.SpringProcessEngineConfigurator (priority:50000)
2025-07-01T03:24:30.963Z DEBUG 2979 --- [flowable-spring-boot] [           main] o.f.c.e.impl.interceptor.LogInterceptor  : --- starting SchemaOperationsProcessEngineBuild --------------------------------------------------------
2025-07-01T03:24:30.964Z DEBUG 2979 --- [flowable-spring-boot] [           main] o.f.c.s.SpringTransactionInterceptor     : Running command with propagation REQUIRED
2025-07-01T03:24:30.994Z DEBUG 2979 --- [flowable-spring-boot] [           main] o.f.c.engine.impl.agenda.AbstractAgenda  : Operation class org.flowable.engine.impl.interceptor.CommandInvoker$1 added to agenda
2025-07-01T03:24:30.994Z DEBUG 2979 --- [flowable-spring-boot] [           main] o.f.e.impl.interceptor.CommandInvoker    : Executing operation class org.flowable.engine.impl.interceptor.CommandInvoker$1
2025-07-01T03:24:30.994Z DEBUG 2979 --- [flowable-spring-boot] [           main] f.e.i.SchemaOperationsProcessEngineBuild : Executing schema management with setting true
2025-07-01T03:24:31.007Z  INFO 2979 --- [flowable-spring-boot] [           main] o.f.c.e.impl.db.CommonDbSchemaManager    : performing create on common with resource org/flowable/common/db/create/flowable.h2.create.common.sql
2025-07-01T03:24:31.009Z DEBUG 2979 --- [flowable-spring-boot] [           main] o.f.c.e.impl.db.CommonDbSchemaManager    : SQL: create table ACT_GE_PROPERTY ( 
NAME_ varchar(64), 
VALUE_ varchar(300), 
REV_ integer, 
primary key (NAME_) 
)
2025-07-01T03:24:31.013Z DEBUG 2979 --- [flowable-spring-boot] [           main] o.f.c.e.impl.db.CommonDbSchemaManager    : SQL: create table ACT_GE_BYTEARRAY ( 
ID_ varchar(64), 
REV_ integer, 
NAME_ varchar(255), 
DEPLOYMENT_ID_ varchar(64), 
BYTES_ longvarbinary, 
GENERATED_ bit, 
primary key (ID_) 
)
2025-07-01T03:24:31.014Z DEBUG 2979 --- [flowable-spring-boot] [           main] o.f.c.e.impl.db.CommonDbSchemaManager    : SQL: insert into ACT_GE_PROPERTY 
values ('common.schema.version', '7.0.1.1', 1)
2025-07-01T03:24:31.015Z DEBUG 2979 --- [flowable-spring-boot] [           main] o.f.c.e.impl.db.CommonDbSchemaManager    : SQL: insert into ACT_GE_PROPERTY 
values ('next.dbid', '1', 1)
2025-07-01T03:24:31.015Z DEBUG 2979 --- [flowable-spring-boot] [           main] o.f.c.e.impl.db.CommonDbSchemaManager    : flowable db schema create for component common successful
2025-07-01T03:24:31.016Z  INFO 2979 --- [flowable-spring-boot] [           main] o.f.i.s.i.d.IdentityLinkDbSchemaManager  : performing create on identitylink with resource org/flowable/identitylink/service/db/create/flowable.h2.create.identitylink.sql
2025-07-01T03:24:31.016Z DEBUG 2979 --- [flowable-spring-boot] [           main] o.f.i.s.i.d.IdentityLinkDbSchemaManager  : SQL: create table ACT_RU_IDENTITYLINK ( 
ID_ varchar(64), 
REV_ integer, 
GROUP_ID_ varchar(255), 
TYPE_ varchar(255), 
USER_ID_ varchar(255), 
TASK_ID_ varchar(64), 
PROC_INST_ID_ varchar(64) null, 
PROC_DEF_ID_ varchar(64), 
SCOPE_ID_ varchar(255), 
SUB_SCOPE_ID_ varchar(255), 
SCOPE_TYPE_ varchar(255), 
SCOPE_DEFINITION_ID_ varchar(255), 
primary key (ID_) 
)
2025-07-01T03:24:31.017Z DEBUG 2979 --- [flowable-spring-boot] [           main] o.f.i.s.i.d.IdentityLinkDbSchemaManager  : SQL: create index ACT_IDX_IDENT_LNK_USER on ACT_RU_IDENTITYLINK(USER_ID_)
2025-07-01T03:24:31.018Z DEBUG 2979 --- [flowable-spring-boot] [           main] o.f.i.s.i.d.IdentityLinkDbSchemaManager  : SQL: create index ACT_IDX_IDENT_LNK_GROUP on ACT_RU_IDENTITYLINK(GROUP_ID_)
2025-07-01T03:24:31.018Z DEBUG 2979 --- [flowable-spring-boot] [           main] o.f.i.s.i.d.IdentityLinkDbSchemaManager  : SQL: create index ACT_IDX_IDENT_LNK_SCOPE on ACT_RU_IDENTITYLINK(SCOPE_ID_, SCOPE_TYPE_)
2025-07-01T03:24:31.018Z DEBUG 2979 --- [flowable-spring-boot] [           main] o.f.i.s.i.d.IdentityLinkDbSchemaManager  : SQL: create index ACT_IDX_IDENT_LNK_SUB_SCOPE on ACT_RU_IDENTITYLINK(SUB_SCOPE_ID_, SCOPE_TYPE_)
2025-07-01T03:24:31.019Z DEBUG 2979 --- [flowable-spring-boot] [           main] o.f.i.s.i.d.IdentityLinkDbSchemaManager  : SQL: create index ACT_IDX_IDENT_LNK_SCOPE_DEF on ACT_RU_IDENTITYLINK(SCOPE_DEFINITION_ID_, SCOPE_TYPE_)
2025-07-01T03:24:31.019Z DEBUG 2979 --- [flowable-spring-boot] [           main] o.f.i.s.i.d.IdentityLinkDbSchemaManager  : SQL: insert into ACT_GE_PROPERTY values ('identitylink.schema.version', '7.0.1.1', 1)
2025-07-01T03:24:31.019Z DEBUG 2979 --- [flowable-spring-boot] [           main] o.f.i.s.i.d.IdentityLinkDbSchemaManager  : flowable db schema create for component identitylink successful
2025-07-01T03:24:31.019Z  INFO 2979 --- [flowable-spring-boot] [           main] o.f.i.s.i.d.IdentityLinkDbSchemaManager  : performing create on identitylink.history with resource org/flowable/identitylink/service/db/create/flowable.h2.create.identitylink.history.sql
2025-07-01T03:24:31.019Z DEBUG 2979 --- [flowable-spring-boot] [           main] o.f.i.s.i.d.IdentityLinkDbSchemaManager  : SQL: create table ACT_HI_IDENTITYLINK ( 
ID_ varchar(64), 
GROUP_ID_ varchar(255), 
TYPE_ varchar(255), 
USER_ID_ varchar(255), 
TASK_ID_ varchar(64), 
CREATE_TIME_ timestamp, 
PROC_INST_ID_ varchar(64) null, 
SCOPE_ID_ varchar(255), 
SUB_SCOPE_ID_ varchar(255), 
SCOPE_TYPE_ varchar(255), 
SCOPE_DEFINITION_ID_ varchar(255), 
primary key (ID_) 
)
2025-07-01T03:24:31.020Z DEBUG 2979 --- [flowable-spring-boot] [           main] o.f.i.s.i.d.IdentityLinkDbSchemaManager  : SQL: create index ACT_IDX_HI_IDENT_LNK_USER on ACT_HI_IDENTITYLINK(USER_ID_)
2025-07-01T03:24:31.021Z DEBUG 2979 --- [flowable-spring-boot] [           main] o.f.i.s.i.d.IdentityLinkDbSchemaManager  : SQL: create index ACT_IDX_HI_IDENT_LNK_SCOPE on ACT_HI_IDENTITYLINK(SCOPE_ID_, SCOPE_TYPE_)
2025-07-01T03:24:31.021Z DEBUG 2979 --- [flowable-spring-boot] [           main] o.f.i.s.i.d.IdentityLinkDbSchemaManager  : SQL: create index ACT_IDX_HI_IDENT_LNK_SUB_SCOPE on ACT_HI_IDENTITYLINK(SUB_SCOPE_ID_, SCOPE_TYPE_)
2025-07-01T03:24:31.023Z DEBUG 2979 --- [flowable-spring-boot] [           main] o.f.i.s.i.d.IdentityLinkDbSchemaManager  : SQL: create index ACT_IDX_HI_IDENT_LNK_SCOPE_DEF on ACT_HI_IDENTITYLINK(SCOPE_DEFINITION_ID_, SCOPE_TYPE_)
2025-07-01T03:24:31.023Z DEBUG 2979 --- [flowable-spring-boot] [           main] o.f.i.s.i.d.IdentityLinkDbSchemaManager  : flowable db schema create for component identitylink.history successful
2025-07-01T03:24:31.023Z  INFO 2979 --- [flowable-spring-boot] [           main] o.f.e.s.i.db.EntityLinkDbSchemaManager   : performing create on entitylink with resource org/flowable/entitylink/service/db/create/flowable.h2.create.entitylink.sql
2025-07-01T03:24:31.023Z DEBUG 2979 --- [flowable-spring-boot] [           main] o.f.e.s.i.db.EntityLinkDbSchemaManager   : SQL: create table ACT_RU_ENTITYLINK ( 
ID_ varchar(64), 
REV_ integer, 
CREATE_TIME_ timestamp, 
LINK_TYPE_ varchar(255), 
SCOPE_ID_ varchar(255), 
SUB_SCOPE_ID_ varchar(255), 
SCOPE_TYPE_ varchar(255), 
SCOPE_DEFINITION_ID_ varchar(255), 
PARENT_ELEMENT_ID_ varchar(255), 
REF_SCOPE_ID_ varchar(255), 
REF_SCOPE_TYPE_ varchar(255), 
REF_SCOPE_DEFINITION_ID_ varchar(255), 
ROOT_SCOPE_ID_ varchar(255), 
ROOT_SCOPE_TYPE_ varchar(255), 
HIERARCHY_TYPE_ varchar(255), 
primary key (ID_) 
)
2025-07-01T03:24:31.024Z DEBUG 2979 --- [flowable-spring-boot] [           main] o.f.e.s.i.db.EntityLinkDbSchemaManager   : SQL: create index ACT_IDX_ENT_LNK_SCOPE on ACT_RU_ENTITYLINK(SCOPE_ID_, SCOPE_TYPE_, LINK_TYPE_)
2025-07-01T03:24:31.025Z DEBUG 2979 --- [flowable-spring-boot] [           main] o.f.e.s.i.db.EntityLinkDbSchemaManager   : SQL: create index ACT_IDX_ENT_LNK_REF_SCOPE on ACT_RU_ENTITYLINK(REF_SCOPE_ID_, REF_SCOPE_TYPE_, LINK_TYPE_)
2025-07-01T03:24:31.025Z DEBUG 2979 --- [flowable-spring-boot] [           main] o.f.e.s.i.db.EntityLinkDbSchemaManager   : SQL: create index ACT_IDX_ENT_LNK_ROOT_SCOPE on ACT_RU_ENTITYLINK(ROOT_SCOPE_ID_, ROOT_SCOPE_TYPE_, LINK_TYPE_)
2025-07-01T03:24:31.025Z DEBUG 2979 --- [flowable-spring-boot] [           main] o.f.e.s.i.db.EntityLinkDbSchemaManager   : SQL: create index ACT_IDX_ENT_LNK_SCOPE_DEF on ACT_RU_ENTITYLINK(SCOPE_DEFINITION_ID_, SCOPE_TYPE_, LINK_TYPE_)
2025-07-01T03:24:31.026Z DEBUG 2979 --- [flowable-spring-boot] [           main] o.f.e.s.i.db.EntityLinkDbSchemaManager   : SQL: insert into ACT_GE_PROPERTY values ('entitylink.schema.version', '7.0.1.1', 1)
2025-07-01T03:24:31.026Z DEBUG 2979 --- [flowable-spring-boot] [           main] o.f.e.s.i.db.EntityLinkDbSchemaManager   : flowable db schema create for component entitylink successful
2025-07-01T03:24:31.026Z  INFO 2979 --- [flowable-spring-boot] [           main] o.f.e.s.i.db.EntityLinkDbSchemaManager   : performing create on entitylink.history with resource org/flowable/entitylink/service/db/create/flowable.h2.create.entitylink.history.sql
2025-07-01T03:24:31.026Z DEBUG 2979 --- [flowable-spring-boot] [           main] o.f.e.s.i.db.EntityLinkDbSchemaManager   : SQL: create table ACT_HI_ENTITYLINK ( 
ID_ varchar(64), 
LINK_TYPE_ varchar(255), 
CREATE_TIME_ timestamp, 
SCOPE_ID_ varchar(255), 
SUB_SCOPE_ID_ varchar(255), 
SCOPE_TYPE_ varchar(255), 
SCOPE_DEFINITION_ID_ varchar(255), 
PARENT_ELEMENT_ID_ varchar(255), 
REF_SCOPE_ID_ varchar(255), 
REF_SCOPE_TYPE_ varchar(255), 
REF_SCOPE_DEFINITION_ID_ varchar(255), 
ROOT_SCOPE_ID_ varchar(255), 
ROOT_SCOPE_TYPE_ varchar(255), 
HIERARCHY_TYPE_ varchar(255), 
primary key (ID_) 
)
2025-07-01T03:24:31.027Z DEBUG 2979 --- [flowable-spring-boot] [           main] o.f.e.s.i.db.EntityLinkDbSchemaManager   : SQL: create index ACT_IDX_HI_ENT_LNK_SCOPE on ACT_HI_ENTITYLINK(SCOPE_ID_, SCOPE_TYPE_, LINK_TYPE_)
2025-07-01T03:24:31.027Z DEBUG 2979 --- [flowable-spring-boot] [           main] o.f.e.s.i.db.EntityLinkDbSchemaManager   : SQL: create index ACT_IDX_HI_ENT_LNK_REF_SCOPE on ACT_HI_ENTITYLINK(REF_SCOPE_ID_, REF_SCOPE_TYPE_, LINK_TYPE_)
2025-07-01T03:24:31.028Z DEBUG 2979 --- [flowable-spring-boot] [           main] o.f.e.s.i.db.EntityLinkDbSchemaManager   : SQL: create index ACT_IDX_HI_ENT_LNK_ROOT_SCOPE on ACT_HI_ENTITYLINK(ROOT_SCOPE_ID_, ROOT_SCOPE_TYPE_, LINK_TYPE_)
2025-07-01T03:24:31.028Z DEBUG 2979 --- [flowable-spring-boot] [           main] o.f.e.s.i.db.EntityLinkDbSchemaManager   : SQL: create index ACT_IDX_HI_ENT_LNK_SCOPE_DEF on ACT_HI_ENTITYLINK(SCOPE_DEFINITION_ID_, SCOPE_TYPE_, LINK_TYPE_)
2025-07-01T03:24:31.028Z DEBUG 2979 --- [flowable-spring-boot] [           main] o.f.e.s.i.db.EntityLinkDbSchemaManager   : flowable db schema create for component entitylink.history successful
2025-07-01T03:24:31.029Z  INFO 2979 --- [flowable-spring-boot] [           main] e.s.i.d.EventSubscriptionDbSchemaManager : performing create on eventsubscription with resource org/flowable/eventsubscription/service/db/create/flowable.h2.create.eventsubscription.sql
2025-07-01T03:24:31.029Z DEBUG 2979 --- [flowable-spring-boot] [           main] e.s.i.d.EventSubscriptionDbSchemaManager : SQL: create table ACT_RU_EVENT_SUBSCR ( 
ID_ varchar(64) not null, 
REV_ integer, 
EVENT_TYPE_ varchar(255) not null, 
EVENT_NAME_ varchar(255), 
EXECUTION_ID_ varchar(64), 
PROC_INST_ID_ varchar(64), 
ACTIVITY_ID_ varchar(64), 
CONFIGURATION_ varchar(255), 
CREATED_ timestamp not null, 
PROC_DEF_ID_ varchar(64), 
SUB_SCOPE_ID_ varchar(64), 
SCOPE_ID_ varchar(64), 
SCOPE_DEFINITION_ID_ varchar(64), 
SCOPE_DEFINITION_KEY_ varchar(255), 
SCOPE_TYPE_ varchar(64), 
LOCK_TIME_ timestamp, 
LOCK_OWNER_ varchar(255), 
TENANT_ID_ varchar(255) default '', 
primary key (ID_) 
)
2025-07-01T03:24:31.029Z DEBUG 2979 --- [flowable-spring-boot] [           main] e.s.i.d.EventSubscriptionDbSchemaManager : SQL: create index ACT_IDX_EVENT_SUBSCR_CONFIG_ on ACT_RU_EVENT_SUBSCR(CONFIGURATION_)
2025-07-01T03:24:31.030Z DEBUG 2979 --- [flowable-spring-boot] [           main] e.s.i.d.EventSubscriptionDbSchemaManager : SQL: create index ACT_IDX_EVENT_SUBSCR_SCOPEREF_ on ACT_RU_EVENT_SUBSCR(SCOPE_ID_, SCOPE_TYPE_)
2025-07-01T03:24:31.030Z DEBUG 2979 --- [flowable-spring-boot] [           main] e.s.i.d.EventSubscriptionDbSchemaManager : SQL: insert into ACT_GE_PROPERTY values ('eventsubscription.schema.version', '7.0.1.1', 1)
2025-07-01T03:24:31.030Z DEBUG 2979 --- [flowable-spring-boot] [           main] e.s.i.d.EventSubscriptionDbSchemaManager : flowable db schema create for component eventsubscription successful
2025-07-01T03:24:31.030Z  INFO 2979 --- [flowable-spring-boot] [           main] o.f.t.s.impl.db.TaskDbSchemaManager      : performing create on task with resource org/flowable/task/service/db/create/flowable.h2.create.task.sql
2025-07-01T03:24:31.031Z DEBUG 2979 --- [flowable-spring-boot] [           main] o.f.t.s.impl.db.TaskDbSchemaManager      : SQL: create table ACT_RU_TASK ( 
ID_ varchar(64), 
REV_ integer, 
EXECUTION_ID_ varchar(64), 
PROC_INST_ID_ varchar(64), 
PROC_DEF_ID_ varchar(64), 
TASK_DEF_ID_ varchar(64), 
SCOPE_ID_ varchar(255), 
SUB_SCOPE_ID_ varchar(255), 
SCOPE_TYPE_ varchar(255), 
SCOPE_DEFINITION_ID_ varchar(255), 
PROPAGATED_STAGE_INST_ID_ varchar(255), 
STATE_ varchar(255), 
NAME_ varchar(255), 
PARENT_TASK_ID_ varchar(64), 
DESCRIPTION_ varchar(4000), 
TASK_DEF_KEY_ varchar(255), 
OWNER_ varchar(255), 
ASSIGNEE_ varchar(255), 
DELEGATION_ varchar(64), 
PRIORITY_ integer, 
CREATE_TIME_ timestamp, 
IN_PROGRESS_TIME_ timestamp, 
IN_PROGRESS_STARTED_BY_ varchar(255), 
CLAIM_TIME_ timestamp, 
CLAIMED_BY_ varchar(255), 
SUSPENDED_TIME_ timestamp, 
SUSPENDED_BY_ varchar(255), 
IN_PROGRESS_DUE_DATE_ timestamp, 
DUE_DATE_ timestamp, 
CATEGORY_ varchar(255), 
SUSPENSION_STATE_ integer, 
TENANT_ID_ varchar(255) default '', 
FORM_KEY_ varchar(255), 
IS_COUNT_ENABLED_ bit, 
VAR_COUNT_ integer, 
ID_LINK_COUNT_ integer, 
SUB_TASK_COUNT_ integer, 
primary key (ID_) 
)
2025-07-01T03:24:31.031Z DEBUG 2979 --- [flowable-spring-boot] [           main] o.f.t.s.impl.db.TaskDbSchemaManager      : SQL: create index ACT_IDX_TASK_CREATE on ACT_RU_TASK(CREATE_TIME_)
2025-07-01T03:24:31.032Z DEBUG 2979 --- [flowable-spring-boot] [           main] o.f.t.s.impl.db.TaskDbSchemaManager      : SQL: create index ACT_IDX_TASK_SCOPE on ACT_RU_TASK(SCOPE_ID_, SCOPE_TYPE_)
2025-07-01T03:24:31.032Z DEBUG 2979 --- [flowable-spring-boot] [           main] o.f.t.s.impl.db.TaskDbSchemaManager      : SQL: create index ACT_IDX_TASK_SUB_SCOPE on ACT_RU_TASK(SUB_SCOPE_ID_, SCOPE_TYPE_)
2025-07-01T03:24:31.032Z DEBUG 2979 --- [flowable-spring-boot] [           main] o.f.t.s.impl.db.TaskDbSchemaManager      : SQL: create index ACT_IDX_TASK_SCOPE_DEF on ACT_RU_TASK(SCOPE_DEFINITION_ID_, SCOPE_TYPE_)
2025-07-01T03:24:31.033Z DEBUG 2979 --- [flowable-spring-boot] [           main] o.f.t.s.impl.db.TaskDbSchemaManager      : SQL: insert into ACT_GE_PROPERTY values ('task.schema.version', '7.0.1.1', 1)
2025-07-01T03:24:31.033Z DEBUG 2979 --- [flowable-spring-boot] [           main] o.f.t.s.impl.db.TaskDbSchemaManager      : flowable db schema create for component task successful
2025-07-01T03:24:31.033Z  INFO 2979 --- [flowable-spring-boot] [           main] o.f.t.s.impl.db.TaskDbSchemaManager      : performing create on task.history with resource org/flowable/task/service/db/create/flowable.h2.create.task.history.sql
2025-07-01T03:24:31.033Z DEBUG 2979 --- [flowable-spring-boot] [           main] o.f.t.s.impl.db.TaskDbSchemaManager      : SQL: create table ACT_HI_TASKINST ( 
ID_ varchar(64) not null, 
REV_ integer default 1, 
PROC_DEF_ID_ varchar(64), 
TASK_DEF_ID_ varchar(64), 
TASK_DEF_KEY_ varchar(255), 
PROC_INST_ID_ varchar(64), 
EXECUTION_ID_ varchar(64), 
SCOPE_ID_ varchar(255), 
SUB_SCOPE_ID_ varchar(255), 
SCOPE_TYPE_ varchar(255), 
SCOPE_DEFINITION_ID_ varchar(255), 
PROPAGATED_STAGE_INST_ID_ varchar(255), 
STATE_ varchar(255), 
NAME_ varchar(255), 
PARENT_TASK_ID_ varchar(64), 
DESCRIPTION_ varchar(4000), 
OWNER_ varchar(255), 
ASSIGNEE_ varchar(255), 
START_TIME_ timestamp not null, 
IN_PROGRESS_TIME_ timestamp, 
IN_PROGRESS_STARTED_BY_ varchar(255), 
CLAIM_TIME_ timestamp, 
CLAIMED_BY_ varchar(255), 
SUSPENDED_TIME_ timestamp, 
SUSPENDED_BY_ varchar(255), 
END_TIME_ timestamp, 
COMPLETED_BY_ varchar(255), 
DURATION_ bigint, 
DELETE_REASON_ varchar(4000), 
PRIORITY_ integer, 
IN_PROGRESS_DUE_DATE_ timestamp, 
DUE_DATE_ timestamp, 
FORM_KEY_ varchar(255), 
CATEGORY_ varchar(255), 
TENANT_ID_ varchar(255) default '', 
LAST_UPDATED_TIME_ timestamp, 
primary key (ID_) 
)
2025-07-01T03:24:31.034Z DEBUG 2979 --- [flowable-spring-boot] [           main] o.f.t.s.impl.db.TaskDbSchemaManager      : SQL: create table ACT_HI_TSK_LOG ( 
ID_ identity, 
TYPE_ varchar(64), 
TASK_ID_ varchar(64) not null, 
TIME_STAMP_ timestamp not null, 
USER_ID_ varchar(255), 
DATA_ varchar(4000), 
EXECUTION_ID_ varchar(64), 
PROC_INST_ID_ varchar(64), 
PROC_DEF_ID_ varchar(64), 
SCOPE_ID_ varchar(255), 
SCOPE_DEFINITION_ID_ varchar(255), 
SUB_SCOPE_ID_ varchar(255), 
SCOPE_TYPE_ varchar(255), 
TENANT_ID_ varchar(255) default '', 
primary key (ID_) 
)
2025-07-01T03:24:31.038Z DEBUG 2979 --- [flowable-spring-boot] [           main] o.f.t.s.impl.db.TaskDbSchemaManager      : SQL: create index ACT_IDX_HI_TASK_SCOPE on ACT_HI_TASKINST(SCOPE_ID_, SCOPE_TYPE_)
2025-07-01T03:24:31.038Z DEBUG 2979 --- [flowable-spring-boot] [           main] o.f.t.s.impl.db.TaskDbSchemaManager      : SQL: create index ACT_IDX_HI_TASK_SUB_SCOPE on ACT_HI_TASKINST(SUB_SCOPE_ID_, SCOPE_TYPE_)
2025-07-01T03:24:31.038Z DEBUG 2979 --- [flowable-spring-boot] [           main] o.f.t.s.impl.db.TaskDbSchemaManager      : SQL: create index ACT_IDX_HI_TASK_SCOPE_DEF on ACT_HI_TASKINST(SCOPE_DEFINITION_ID_, SCOPE_TYPE_)
2025-07-01T03:24:31.039Z DEBUG 2979 --- [flowable-spring-boot] [           main] o.f.t.s.impl.db.TaskDbSchemaManager      : flowable db schema create for component task.history successful
2025-07-01T03:24:31.039Z  INFO 2979 --- [flowable-spring-boot] [           main] o.f.v.s.impl.db.VariableDbSchemaManager  : performing create on variable with resource org/flowable/variable/service/db/create/flowable.h2.create.variable.sql
2025-07-01T03:24:31.039Z DEBUG 2979 --- [flowable-spring-boot] [           main] o.f.v.s.impl.db.VariableDbSchemaManager  : SQL: create table ACT_RU_VARIABLE ( 
ID_ varchar(64) not null, 
REV_ integer, 
TYPE_ varchar(255) not null, 
NAME_ varchar(255) not null, 
EXECUTION_ID_ varchar(64), 
PROC_INST_ID_ varchar(64), 
TASK_ID_ varchar(64), 
SCOPE_ID_ varchar(255), 
SUB_SCOPE_ID_ varchar(255), 
SCOPE_TYPE_ varchar(255), 
BYTEARRAY_ID_ varchar(64), 
DOUBLE_ double, 
LONG_ bigint, 
TEXT_ varchar(4000), 
TEXT2_ varchar(4000), 
META_INFO_ varchar(4000), 
primary key (ID_) 
)
2025-07-01T03:24:31.040Z DEBUG 2979 --- [flowable-spring-boot] [           main] o.f.v.s.impl.db.VariableDbSchemaManager  : SQL: create index ACT_IDX_RU_VAR_SCOPE_ID_TYPE on ACT_RU_VARIABLE(SCOPE_ID_, SCOPE_TYPE_)
2025-07-01T03:24:31.040Z DEBUG 2979 --- [flowable-spring-boot] [           main] o.f.v.s.impl.db.VariableDbSchemaManager  : SQL: create index ACT_IDX_RU_VAR_SUB_ID_TYPE on ACT_RU_VARIABLE(SUB_SCOPE_ID_, SCOPE_TYPE_)
2025-07-01T03:24:31.040Z DEBUG 2979 --- [flowable-spring-boot] [           main] o.f.v.s.impl.db.VariableDbSchemaManager  : SQL: alter table ACT_RU_VARIABLE 
add constraint ACT_FK_VAR_BYTEARRAY 
foreign key (BYTEARRAY_ID_) 
references ACT_GE_BYTEARRAY
2025-07-01T03:24:31.048Z DEBUG 2979 --- [flowable-spring-boot] [           main] o.f.v.s.impl.db.VariableDbSchemaManager  : SQL: insert into ACT_GE_PROPERTY values ('variable.schema.version', '7.0.1.1', 1)
2025-07-01T03:24:31.048Z DEBUG 2979 --- [flowable-spring-boot] [           main] o.f.v.s.impl.db.VariableDbSchemaManager  : flowable db schema create for component variable successful
2025-07-01T03:24:31.049Z  INFO 2979 --- [flowable-spring-boot] [           main] o.f.v.s.impl.db.VariableDbSchemaManager  : performing create on variable.history with resource org/flowable/variable/service/db/create/flowable.h2.create.variable.history.sql
2025-07-01T03:24:31.049Z DEBUG 2979 --- [flowable-spring-boot] [           main] o.f.v.s.impl.db.VariableDbSchemaManager  : SQL: create table ACT_HI_VARINST ( 
ID_ varchar(64) not null, 
REV_ integer default 1, 
PROC_INST_ID_ varchar(64), 
EXECUTION_ID_ varchar(64), 
TASK_ID_ varchar(64), 
NAME_ varchar(255) not null, 
VAR_TYPE_ varchar(100), 
SCOPE_ID_ varchar(255), 
SUB_SCOPE_ID_ varchar(255), 
SCOPE_TYPE_ varchar(255), 
BYTEARRAY_ID_ varchar(64), 
DOUBLE_ double, 
LONG_ bigint, 
TEXT_ varchar(4000), 
TEXT2_ varchar(4000), 
META_INFO_ varchar(4000), 
CREATE_TIME_ timestamp, 
LAST_UPDATED_TIME_ timestamp, 
primary key (ID_) 
)
2025-07-01T03:24:31.049Z DEBUG 2979 --- [flowable-spring-boot] [           main] o.f.v.s.impl.db.VariableDbSchemaManager  : SQL: create index ACT_IDX_HI_PROCVAR_NAME_TYPE on ACT_HI_VARINST(NAME_, VAR_TYPE_)
2025-07-01T03:24:31.050Z DEBUG 2979 --- [flowable-spring-boot] [           main] o.f.v.s.impl.db.VariableDbSchemaManager  : SQL: create index ACT_IDX_HI_VAR_SCOPE_ID_TYPE on ACT_HI_VARINST(SCOPE_ID_, SCOPE_TYPE_)
2025-07-01T03:24:31.050Z DEBUG 2979 --- [flowable-spring-boot] [           main] o.f.v.s.impl.db.VariableDbSchemaManager  : SQL: create index ACT_IDX_HI_VAR_SUB_ID_TYPE on ACT_HI_VARINST(SUB_SCOPE_ID_, SCOPE_TYPE_)
2025-07-01T03:24:31.050Z DEBUG 2979 --- [flowable-spring-boot] [           main] o.f.v.s.impl.db.VariableDbSchemaManager  : flowable db schema create for component variable.history successful
2025-07-01T03:24:31.051Z  INFO 2979 --- [flowable-spring-boot] [           main] o.f.j.s.impl.db.JobDbSchemaManager       : performing create on job with resource org/flowable/job/service/db/create/flowable.h2.create.job.sql
2025-07-01T03:24:31.051Z DEBUG 2979 --- [flowable-spring-boot] [           main] o.f.j.s.impl.db.JobDbSchemaManager       : SQL: create table ACT_RU_JOB ( 
ID_ varchar(64) NOT NULL, 
REV_ integer, 
CATEGORY_ varchar(255), 
TYPE_ varchar(255) NOT NULL, 
LOCK_EXP_TIME_ timestamp, 
LOCK_OWNER_ varchar(255), 
EXCLUSIVE_ boolean, 
EXECUTION_ID_ varchar(64), 
PROCESS_INSTANCE_ID_ varchar(64), 
PROC_DEF_ID_ varchar(64), 
ELEMENT_ID_ varchar(255), 
ELEMENT_NAME_ varchar(255), 
SCOPE_ID_ varchar(255), 
SUB_SCOPE_ID_ varchar(255), 
SCOPE_TYPE_ varchar(255), 
SCOPE_DEFINITION_ID_ varchar(255), 
CORRELATION_ID_ varchar(255), 
RETRIES_ integer, 
EXCEPTION_STACK_ID_ varchar(64), 
EXCEPTION_MSG_ varchar(4000), 
DUEDATE_ timestamp, 
REPEAT_ varchar(255), 
HANDLER_TYPE_ varchar(255), 
HANDLER_CFG_ varchar(4000), 
CUSTOM_VALUES_ID_ varchar(64), 
CREATE_TIME_ timestamp, 
TENANT_ID_ varchar(255) default '', 
primary key (ID_) 
)
2025-07-01T03:24:31.052Z DEBUG 2979 --- [flowable-spring-boot] [           main] o.f.j.s.impl.db.JobDbSchemaManager       : SQL: create table ACT_RU_TIMER_JOB ( 
ID_ varchar(64) NOT NULL, 
REV_ integer, 
CATEGORY_ varchar(255), 
TYPE_ varchar(255) NOT NULL, 
LOCK_EXP_TIME_ timestamp, 
LOCK_OWNER_ varchar(255), 
EXCLUSIVE_ boolean, 
EXECUTION_ID_ varchar(64), 
PROCESS_INSTANCE_ID_ varchar(64), 
PROC_DEF_ID_ varchar(64), 
ELEMENT_ID_ varchar(255), 
ELEMENT_NAME_ varchar(255), 
SCOPE_ID_ varchar(255), 
SUB_SCOPE_ID_ varchar(255), 
SCOPE_TYPE_ varchar(255), 
SCOPE_DEFINITION_ID_ varchar(255), 
CORRELATION_ID_ varchar(255), 
RETRIES_ integer, 
EXCEPTION_STACK_ID_ varchar(64), 
EXCEPTION_MSG_ varchar(4000), 
DUEDATE_ timestamp, 
REPEAT_ varchar(255), 
HANDLER_TYPE_ varchar(255), 
HANDLER_CFG_ varchar(4000), 
CUSTOM_VALUES_ID_ varchar(64), 
CREATE_TIME_ timestamp, 
TENANT_ID_ varchar(255) default '', 
primary key (ID_) 
)
2025-07-01T03:24:31.052Z DEBUG 2979 --- [flowable-spring-boot] [           main] o.f.j.s.impl.db.JobDbSchemaManager       : SQL: create table ACT_RU_SUSPENDED_JOB ( 
ID_ varchar(64) NOT NULL, 
REV_ integer, 
CATEGORY_ varchar(255), 
TYPE_ varchar(255) NOT NULL, 
EXCLUSIVE_ boolean, 
EXECUTION_ID_ varchar(64), 
PROCESS_INSTANCE_ID_ varchar(64), 
PROC_DEF_ID_ varchar(64), 
ELEMENT_ID_ varchar(255), 
ELEMENT_NAME_ varchar(255), 
SCOPE_ID_ varchar(255), 
SUB_SCOPE_ID_ varchar(255), 
SCOPE_TYPE_ varchar(255), 
SCOPE_DEFINITION_ID_ varchar(255), 
CORRELATION_ID_ varchar(255), 
RETRIES_ integer, 
EXCEPTION_STACK_ID_ varchar(64), 
EXCEPTION_MSG_ varchar(4000), 
DUEDATE_ timestamp, 
REPEAT_ varchar(255), 
HANDLER_TYPE_ varchar(255), 
HANDLER_CFG_ varchar(4000), 
CUSTOM_VALUES_ID_ varchar(64), 
CREATE_TIME_ timestamp, 
TENANT_ID_ varchar(255) default '', 
primary key (ID_) 
)
2025-07-01T03:24:31.053Z DEBUG 2979 --- [flowable-spring-boot] [           main] o.f.j.s.impl.db.JobDbSchemaManager       : SQL: create table ACT_RU_DEADLETTER_JOB ( 
ID_ varchar(64) NOT NULL, 
REV_ integer, 
CATEGORY_ varchar(255), 
TYPE_ varchar(255) NOT NULL, 
EXCLUSIVE_ boolean, 
EXECUTION_ID_ varchar(64), 
PROCESS_INSTANCE_ID_ varchar(64), 
PROC_DEF_ID_ varchar(64), 
ELEMENT_ID_ varchar(255), 
ELEMENT_NAME_ varchar(255), 
SCOPE_ID_ varchar(255), 
SUB_SCOPE_ID_ varchar(255), 
SCOPE_TYPE_ varchar(255), 
SCOPE_DEFINITION_ID_ varchar(255), 
CORRELATION_ID_ varchar(255), 
EXCEPTION_STACK_ID_ varchar(64), 
EXCEPTION_MSG_ varchar(4000), 
DUEDATE_ timestamp, 
REPEAT_ varchar(255), 
HANDLER_TYPE_ varchar(255), 
HANDLER_CFG_ varchar(4000), 
CUSTOM_VALUES_ID_ varchar(64), 
CREATE_TIME_ timestamp, 
TENANT_ID_ varchar(255) default '', 
primary key (ID_) 
)
2025-07-01T03:24:31.054Z DEBUG 2979 --- [flowable-spring-boot] [           main] o.f.j.s.impl.db.JobDbSchemaManager       : SQL: create table ACT_RU_HISTORY_JOB ( 
ID_ varchar(64) NOT NULL, 
REV_ integer, 
LOCK_EXP_TIME_ timestamp, 
LOCK_OWNER_ varchar(255), 
RETRIES_ integer, 
EXCEPTION_STACK_ID_ varchar(64), 
EXCEPTION_MSG_ varchar(4000), 
HANDLER_TYPE_ varchar(255), 
HANDLER_CFG_ varchar(4000), 
CUSTOM_VALUES_ID_ varchar(64), 
ADV_HANDLER_CFG_ID_ varchar(64), 
CREATE_TIME_ timestamp, 
SCOPE_TYPE_ varchar(255), 
TENANT_ID_ varchar(255) default '', 
primary key (ID_) 
)
2025-07-01T03:24:31.054Z DEBUG 2979 --- [flowable-spring-boot] [           main] o.f.j.s.impl.db.JobDbSchemaManager       : SQL: create table ACT_RU_EXTERNAL_JOB ( 
ID_ varchar(64) NOT NULL, 
REV_ integer, 
CATEGORY_ varchar(255), 
TYPE_ varchar(255) NOT NULL, 
LOCK_EXP_TIME_ timestamp, 
LOCK_OWNER_ varchar(255), 
EXCLUSIVE_ boolean, 
EXECUTION_ID_ varchar(64), 
PROCESS_INSTANCE_ID_ varchar(64), 
PROC_DEF_ID_ varchar(64), 
ELEMENT_ID_ varchar(255), 
ELEMENT_NAME_ varchar(255), 
SCOPE_ID_ varchar(255), 
SUB_SCOPE_ID_ varchar(255), 
SCOPE_TYPE_ varchar(255), 
SCOPE_DEFINITION_ID_ varchar(255), 
CORRELATION_ID_ varchar(255), 
RETRIES_ integer, 
EXCEPTION_STACK_ID_ varchar(64), 
EXCEPTION_MSG_ varchar(4000), 
DUEDATE_ timestamp, 
REPEAT_ varchar(255), 
HANDLER_TYPE_ varchar(255), 
HANDLER_CFG_ varchar(4000), 
CUSTOM_VALUES_ID_ varchar(64), 
CREATE_TIME_ timestamp, 
TENANT_ID_ varchar(255) default '', 
primary key (ID_) 
)
2025-07-01T03:24:31.055Z DEBUG 2979 --- [flowable-spring-boot] [           main] o.f.j.s.impl.db.JobDbSchemaManager       : SQL: create index ACT_IDX_JOB_EXCEPTION_STACK_ID on ACT_RU_JOB(EXCEPTION_STACK_ID_)
2025-07-01T03:24:31.055Z DEBUG 2979 --- [flowable-spring-boot] [           main] o.f.j.s.impl.db.JobDbSchemaManager       : SQL: create index ACT_IDX_JOB_CUSTOM_VALUES_ID on ACT_RU_JOB(CUSTOM_VALUES_ID_)
2025-07-01T03:24:31.055Z DEBUG 2979 --- [flowable-spring-boot] [           main] o.f.j.s.impl.db.JobDbSchemaManager       : SQL: create index ACT_IDX_JOB_CORRELATION_ID on ACT_RU_JOB(CORRELATION_ID_)
2025-07-01T03:24:31.056Z DEBUG 2979 --- [flowable-spring-boot] [           main] o.f.j.s.impl.db.JobDbSchemaManager       : SQL: create index ACT_IDX_TIMER_JOB_EXCEPTION_STACK_ID on ACT_RU_TIMER_JOB(EXCEPTION_STACK_ID_)
2025-07-01T03:24:31.056Z DEBUG 2979 --- [flowable-spring-boot] [           main] o.f.j.s.impl.db.JobDbSchemaManager       : SQL: create index ACT_IDX_TIMER_JOB_CUSTOM_VALUES_ID on ACT_RU_TIMER_JOB(CUSTOM_VALUES_ID_)
2025-07-01T03:24:31.056Z DEBUG 2979 --- [flowable-spring-boot] [           main] o.f.j.s.impl.db.JobDbSchemaManager       : SQL: create index ACT_IDX_TIMER_JOB_CORRELATION_ID on ACT_RU_TIMER_JOB(CORRELATION_ID_)
2025-07-01T03:24:31.056Z DEBUG 2979 --- [flowable-spring-boot] [           main] o.f.j.s.impl.db.JobDbSchemaManager       : SQL: create index ACT_IDX_TIMER_JOB_DUEDATE on ACT_RU_TIMER_JOB(DUEDATE_)
2025-07-01T03:24:31.057Z DEBUG 2979 --- [flowable-spring-boot] [           main] o.f.j.s.impl.db.JobDbSchemaManager       : SQL: create index ACT_IDX_SUSPENDED_JOB_EXCEPTION_STACK_ID on ACT_RU_SUSPENDED_JOB(EXCEPTION_STACK_ID_)
2025-07-01T03:24:31.057Z DEBUG 2979 --- [flowable-spring-boot] [           main] o.f.j.s.impl.db.JobDbSchemaManager       : SQL: create index ACT_IDX_SUSPENDED_JOB_CUSTOM_VALUES_ID on ACT_RU_SUSPENDED_JOB(CUSTOM_VALUES_ID_)
2025-07-01T03:24:31.057Z DEBUG 2979 --- [flowable-spring-boot] [           main] o.f.j.s.impl.db.JobDbSchemaManager       : SQL: create index ACT_IDX_SUSPENDED_JOB_CORRELATION_ID on ACT_RU_SUSPENDED_JOB(CORRELATION_ID_)
2025-07-01T03:24:31.057Z DEBUG 2979 --- [flowable-spring-boot] [           main] o.f.j.s.impl.db.JobDbSchemaManager       : SQL: create index ACT_IDX_DEADLETTER_JOB_EXCEPTION_STACK_ID on ACT_RU_DEADLETTER_JOB(EXCEPTION_STACK_ID_)
2025-07-01T03:24:31.058Z DEBUG 2979 --- [flowable-spring-boot] [           main] o.f.j.s.impl.db.JobDbSchemaManager       : SQL: create index ACT_IDX_DEADLETTER_JOB_CUSTOM_VALUES_ID on ACT_RU_DEADLETTER_JOB(CUSTOM_VALUES_ID_)
2025-07-01T03:24:31.058Z DEBUG 2979 --- [flowable-spring-boot] [           main] o.f.j.s.impl.db.JobDbSchemaManager       : SQL: create index ACT_IDX_DEADLETTER_JOB_CORRELATION_ID on ACT_RU_DEADLETTER_JOB(CORRELATION_ID_)
2025-07-01T03:24:31.058Z DEBUG 2979 --- [flowable-spring-boot] [           main] o.f.j.s.impl.db.JobDbSchemaManager       : SQL: create index ACT_IDX_EXTERNAL_JOB_EXCEPTION_STACK_ID on ACT_RU_EXTERNAL_JOB(EXCEPTION_STACK_ID_)
2025-07-01T03:24:31.059Z DEBUG 2979 --- [flowable-spring-boot] [           main] o.f.j.s.impl.db.JobDbSchemaManager       : SQL: create index ACT_IDX_EXTERNAL_JOB_CUSTOM_VALUES_ID on ACT_RU_EXTERNAL_JOB(CUSTOM_VALUES_ID_)
2025-07-01T03:24:31.059Z DEBUG 2979 --- [flowable-spring-boot] [           main] o.f.j.s.impl.db.JobDbSchemaManager       : SQL: create index ACT_IDX_EXTERNAL_JOB_CORRELATION_ID on ACT_RU_EXTERNAL_JOB(CORRELATION_ID_)
2025-07-01T03:24:31.059Z DEBUG 2979 --- [flowable-spring-boot] [           main] o.f.j.s.impl.db.JobDbSchemaManager       : SQL: alter table ACT_RU_JOB 
add constraint ACT_FK_JOB_EXCEPTION 
foreign key (EXCEPTION_STACK_ID_) 
references ACT_GE_BYTEARRAY (ID_)
2025-07-01T03:24:31.060Z DEBUG 2979 --- [flowable-spring-boot] [           main] o.f.j.s.impl.db.JobDbSchemaManager       : SQL: alter table ACT_RU_JOB 
add constraint ACT_FK_JOB_CUSTOM_VALUES 
foreign key (CUSTOM_VALUES_ID_) 
references ACT_GE_BYTEARRAY (ID_)
2025-07-01T03:24:31.061Z DEBUG 2979 --- [flowable-spring-boot] [           main] o.f.j.s.impl.db.JobDbSchemaManager       : SQL: alter table ACT_RU_TIMER_JOB 
add constraint ACT_FK_TIMER_JOB_EXCEPTION 
foreign key (EXCEPTION_STACK_ID_) 
references ACT_GE_BYTEARRAY (ID_)
2025-07-01T03:24:31.061Z DEBUG 2979 --- [flowable-spring-boot] [           main] o.f.j.s.impl.db.JobDbSchemaManager       : SQL: alter table ACT_RU_TIMER_JOB 
add constraint ACT_FK_TIMER_JOB_CUSTOM_VALUES 
foreign key (CUSTOM_VALUES_ID_) 
references ACT_GE_BYTEARRAY (ID_)
2025-07-01T03:24:31.062Z DEBUG 2979 --- [flowable-spring-boot] [           main] o.f.j.s.impl.db.JobDbSchemaManager       : SQL: alter table ACT_RU_SUSPENDED_JOB 
add constraint ACT_FK_SUSPENDED_JOB_EXCEPTION 
foreign key (EXCEPTION_STACK_ID_) 
references ACT_GE_BYTEARRAY (ID_)
2025-07-01T03:24:31.063Z DEBUG 2979 --- [flowable-spring-boot] [           main] o.f.j.s.impl.db.JobDbSchemaManager       : SQL: alter table ACT_RU_SUSPENDED_JOB 
add constraint ACT_FK_SUSPENDED_JOB_CUSTOM_VALUES 
foreign key (CUSTOM_VALUES_ID_) 
references ACT_GE_BYTEARRAY (ID_)
2025-07-01T03:24:31.064Z DEBUG 2979 --- [flowable-spring-boot] [           main] o.f.j.s.impl.db.JobDbSchemaManager       : SQL: alter table ACT_RU_DEADLETTER_JOB 
add constraint ACT_FK_DEADLETTER_JOB_EXCEPTION 
foreign key (EXCEPTION_STACK_ID_) 
references ACT_GE_BYTEARRAY (ID_)
2025-07-01T03:24:31.064Z DEBUG 2979 --- [flowable-spring-boot] [           main] o.f.j.s.impl.db.JobDbSchemaManager       : SQL: alter table ACT_RU_DEADLETTER_JOB 
add constraint ACT_FK_DEADLETTER_JOB_CUSTOM_VALUES 
foreign key (CUSTOM_VALUES_ID_) 
references ACT_GE_BYTEARRAY (ID_)
2025-07-01T03:24:31.065Z DEBUG 2979 --- [flowable-spring-boot] [           main] o.f.j.s.impl.db.JobDbSchemaManager       : SQL: alter table ACT_RU_EXTERNAL_JOB 
add constraint ACT_FK_EXTERNAL_JOB_EXCEPTION 
foreign key (EXCEPTION_STACK_ID_) 
references ACT_GE_BYTEARRAY (ID_)
2025-07-01T03:24:31.066Z DEBUG 2979 --- [flowable-spring-boot] [           main] o.f.j.s.impl.db.JobDbSchemaManager       : SQL: alter table ACT_RU_EXTERNAL_JOB 
add constraint ACT_FK_EXTERNAL_JOB_CUSTOM_VALUES 
foreign key (CUSTOM_VALUES_ID_) 
references ACT_GE_BYTEARRAY (ID_)
2025-07-01T03:24:31.066Z DEBUG 2979 --- [flowable-spring-boot] [           main] o.f.j.s.impl.db.JobDbSchemaManager       : SQL: create index ACT_IDX_JOB_SCOPE on ACT_RU_JOB(SCOPE_ID_, SCOPE_TYPE_)
2025-07-01T03:24:31.067Z DEBUG 2979 --- [flowable-spring-boot] [           main] o.f.j.s.impl.db.JobDbSchemaManager       : SQL: create index ACT_IDX_JOB_SUB_SCOPE on ACT_RU_JOB(SUB_SCOPE_ID_, SCOPE_TYPE_)
2025-07-01T03:24:31.067Z DEBUG 2979 --- [flowable-spring-boot] [           main] o.f.j.s.impl.db.JobDbSchemaManager       : SQL: create index ACT_IDX_JOB_SCOPE_DEF on ACT_RU_JOB(SCOPE_DEFINITION_ID_, SCOPE_TYPE_)
2025-07-01T03:24:31.067Z DEBUG 2979 --- [flowable-spring-boot] [           main] o.f.j.s.impl.db.JobDbSchemaManager       : SQL: create index ACT_IDX_TJOB_SCOPE on ACT_RU_TIMER_JOB(SCOPE_ID_, SCOPE_TYPE_)
2025-07-01T03:24:31.067Z DEBUG 2979 --- [flowable-spring-boot] [           main] o.f.j.s.impl.db.JobDbSchemaManager       : SQL: create index ACT_IDX_TJOB_SUB_SCOPE on ACT_RU_TIMER_JOB(SUB_SCOPE_ID_, SCOPE_TYPE_)
2025-07-01T03:24:31.068Z DEBUG 2979 --- [flowable-spring-boot] [           main] o.f.j.s.impl.db.JobDbSchemaManager       : SQL: create index ACT_IDX_TJOB_SCOPE_DEF on ACT_RU_TIMER_JOB(SCOPE_DEFINITION_ID_, SCOPE_TYPE_)
2025-07-01T03:24:31.068Z DEBUG 2979 --- [flowable-spring-boot] [           main] o.f.j.s.impl.db.JobDbSchemaManager       : SQL: create index ACT_IDX_SJOB_SCOPE on ACT_RU_SUSPENDED_JOB(SCOPE_ID_, SCOPE_TYPE_)
2025-07-01T03:24:31.068Z DEBUG 2979 --- [flowable-spring-boot] [           main] o.f.j.s.impl.db.JobDbSchemaManager       : SQL: create index ACT_IDX_SJOB_SUB_SCOPE on ACT_RU_SUSPENDED_JOB(SUB_SCOPE_ID_, SCOPE_TYPE_)
2025-07-01T03:24:31.068Z DEBUG 2979 --- [flowable-spring-boot] [           main] o.f.j.s.impl.db.JobDbSchemaManager       : SQL: create index ACT_IDX_SJOB_SCOPE_DEF on ACT_RU_SUSPENDED_JOB(SCOPE_DEFINITION_ID_, SCOPE_TYPE_)
2025-07-01T03:24:31.069Z DEBUG 2979 --- [flowable-spring-boot] [           main] o.f.j.s.impl.db.JobDbSchemaManager       : SQL: create index ACT_IDX_DJOB_SCOPE on ACT_RU_DEADLETTER_JOB(SCOPE_ID_, SCOPE_TYPE_)
2025-07-01T03:24:31.069Z DEBUG 2979 --- [flowable-spring-boot] [           main] o.f.j.s.impl.db.JobDbSchemaManager       : SQL: create index ACT_IDX_DJOB_SUB_SCOPE on ACT_RU_DEADLETTER_JOB(SUB_SCOPE_ID_, SCOPE_TYPE_)
2025-07-01T03:24:31.069Z DEBUG 2979 --- [flowable-spring-boot] [           main] o.f.j.s.impl.db.JobDbSchemaManager       : SQL: create index ACT_IDX_DJOB_SCOPE_DEF on ACT_RU_DEADLETTER_JOB(SCOPE_DEFINITION_ID_, SCOPE_TYPE_)
2025-07-01T03:24:31.070Z DEBUG 2979 --- [flowable-spring-boot] [           main] o.f.j.s.impl.db.JobDbSchemaManager       : SQL: create index ACT_IDX_EJOB_SCOPE on ACT_RU_EXTERNAL_JOB(SCOPE_ID_, SCOPE_TYPE_)
2025-07-01T03:24:31.070Z DEBUG 2979 --- [flowable-spring-boot] [           main] o.f.j.s.impl.db.JobDbSchemaManager       : SQL: create index ACT_IDX_EJOB_SUB_SCOPE on ACT_RU_EXTERNAL_JOB(SUB_SCOPE_ID_, SCOPE_TYPE_)
2025-07-01T03:24:31.070Z DEBUG 2979 --- [flowable-spring-boot] [           main] o.f.j.s.impl.db.JobDbSchemaManager       : SQL: create index ACT_IDX_EJOB_SCOPE_DEF on ACT_RU_EXTERNAL_JOB(SCOPE_DEFINITION_ID_, SCOPE_TYPE_)
2025-07-01T03:24:31.070Z DEBUG 2979 --- [flowable-spring-boot] [           main] o.f.j.s.impl.db.JobDbSchemaManager       : SQL: insert into ACT_GE_PROPERTY values ('job.schema.version', '7.0.1.1', 1)
2025-07-01T03:24:31.070Z DEBUG 2979 --- [flowable-spring-boot] [           main] o.f.j.s.impl.db.JobDbSchemaManager       : flowable db schema create for component job successful
2025-07-01T03:24:31.071Z  INFO 2979 --- [flowable-spring-boot] [           main] o.f.b.s.impl.db.BatchDbSchemaManager     : performing create on batch with resource org/flowable/batch/service/db/create/flowable.h2.create.batch.sql
2025-07-01T03:24:31.071Z DEBUG 2979 --- [flowable-spring-boot] [           main] o.f.b.s.impl.db.BatchDbSchemaManager     : SQL: create table FLW_RU_BATCH ( 
ID_ varchar(64) not null, 
REV_ integer, 
TYPE_ varchar(64) not null, 
SEARCH_KEY_ varchar(255), 
SEARCH_KEY2_ varchar(255), 
CREATE_TIME_ timestamp not null, 
COMPLETE_TIME_ timestamp, 
STATUS_ varchar(255), 
BATCH_DOC_ID_ varchar(64), 
TENANT_ID_ varchar(255) default '', 
primary key (ID_) 
)
2025-07-01T03:24:31.072Z DEBUG 2979 --- [flowable-spring-boot] [           main] o.f.b.s.impl.db.BatchDbSchemaManager     : SQL: create table FLW_RU_BATCH_PART ( 
ID_ varchar(64) not null, 
REV_ integer, 
BATCH_ID_ varchar(64), 
TYPE_ varchar(64) not null, 
SCOPE_ID_ varchar(64), 
SUB_SCOPE_ID_ varchar(64), 
SCOPE_TYPE_ varchar(64), 
SEARCH_KEY_ varchar(255), 
SEARCH_KEY2_ varchar(255), 
CREATE_TIME_ timestamp not null, 
COMPLETE_TIME_ timestamp, 
STATUS_ varchar(255), 
RESULT_DOC_ID_ varchar(64), 
TENANT_ID_ varchar(255) default '', 
primary key (ID_) 
)
2025-07-01T03:24:31.072Z DEBUG 2979 --- [flowable-spring-boot] [           main] o.f.b.s.impl.db.BatchDbSchemaManager     : SQL: create index FLW_IDX_BATCH_PART on FLW_RU_BATCH_PART(BATCH_ID_)
2025-07-01T03:24:31.073Z DEBUG 2979 --- [flowable-spring-boot] [           main] o.f.b.s.impl.db.BatchDbSchemaManager     : SQL: alter table FLW_RU_BATCH_PART 
add constraint FLW_FK_BATCH_PART_PARENT 
foreign key (BATCH_ID_) 
references FLW_RU_BATCH (ID_)
2025-07-01T03:24:31.073Z DEBUG 2979 --- [flowable-spring-boot] [           main] o.f.b.s.impl.db.BatchDbSchemaManager     : SQL: insert into ACT_GE_PROPERTY values ('batch.schema.version', '7.0.1.1', 1)
2025-07-01T03:24:31.073Z DEBUG 2979 --- [flowable-spring-boot] [           main] o.f.b.s.impl.db.BatchDbSchemaManager     : flowable db schema create for component batch successful
2025-07-01T03:24:31.074Z  INFO 2979 --- [flowable-spring-boot] [           main] o.f.e.impl.db.ProcessDbSchemaManager     : performing create on engine with resource org/flowable/db/create/flowable.h2.create.engine.sql
2025-07-01T03:24:31.074Z DEBUG 2979 --- [flowable-spring-boot] [           main] o.f.e.impl.db.ProcessDbSchemaManager     : SQL: create table ACT_RE_DEPLOYMENT ( 
ID_ varchar(64), 
NAME_ varchar(255), 
CATEGORY_ varchar(255), 
KEY_ varchar(255), 
TENANT_ID_ varchar(255) default '', 
DEPLOY_TIME_ timestamp, 
DERIVED_FROM_ varchar(64), 
DERIVED_FROM_ROOT_ varchar(64), 
PARENT_DEPLOYMENT_ID_ varchar(255), 
ENGINE_VERSION_ varchar(255), 
primary key (ID_) 
)
2025-07-01T03:24:31.074Z DEBUG 2979 --- [flowable-spring-boot] [           main] o.f.e.impl.db.ProcessDbSchemaManager     : SQL: create table ACT_RE_MODEL ( 
ID_ varchar(64) not null, 
REV_ integer, 
NAME_ varchar(255), 
KEY_ varchar(255), 
CATEGORY_ varchar(255), 
CREATE_TIME_ timestamp, 
LAST_UPDATE_TIME_ timestamp, 
VERSION_ integer, 
META_INFO_ varchar(4000), 
DEPLOYMENT_ID_ varchar(64), 
EDITOR_SOURCE_VALUE_ID_ varchar(64), 
EDITOR_SOURCE_EXTRA_VALUE_ID_ varchar(64), 
TENANT_ID_ varchar(255) default '', 
primary key (ID_) 
)
2025-07-01T03:24:31.075Z DEBUG 2979 --- [flowable-spring-boot] [           main] o.f.e.impl.db.ProcessDbSchemaManager     : SQL: create table ACT_RU_EXECUTION ( 
ID_ varchar(64), 
REV_ integer, 
PROC_INST_ID_ varchar(64), 
BUSINESS_KEY_ varchar(255), 
PARENT_ID_ varchar(64), 
PROC_DEF_ID_ varchar(64), 
SUPER_EXEC_ varchar(64), 
ROOT_PROC_INST_ID_ varchar(64), 
ACT_ID_ varchar(255), 
IS_ACTIVE_ bit, 
IS_CONCURRENT_ bit, 
IS_SCOPE_ bit, 
IS_EVENT_SCOPE_ bit, 
IS_MI_ROOT_ bit, 
SUSPENSION_STATE_ integer, 
CACHED_ENT_STATE_ integer, 
TENANT_ID_ varchar(255) default '', 
NAME_ varchar(255), 
START_ACT_ID_ varchar(255), 
START_TIME_ timestamp, 
START_USER_ID_ varchar(255), 
LOCK_TIME_ timestamp, 
LOCK_OWNER_ varchar(255), 
IS_COUNT_ENABLED_ bit, 
EVT_SUBSCR_COUNT_ integer, 
TASK_COUNT_ integer, 
JOB_COUNT_ integer, 
TIMER_JOB_COUNT_ integer, 
SUSP_JOB_COUNT_ integer, 
DEADLETTER_JOB_COUNT_ integer, 
EXTERNAL_WORKER_JOB_COUNT_ integer, 
VAR_COUNT_ integer, 
ID_LINK_COUNT_ integer, 
CALLBACK_ID_ varchar(255), 
CALLBACK_TYPE_ varchar(255), 
REFERENCE_ID_ varchar(255), 
REFERENCE_TYPE_ varchar(255), 
PROPAGATED_STAGE_INST_ID_ varchar(255), 
BUSINESS_STATUS_ varchar(255), 
primary key (ID_) 
)
2025-07-01T03:24:31.076Z DEBUG 2979 --- [flowable-spring-boot] [           main] o.f.e.impl.db.ProcessDbSchemaManager     : SQL: create table ACT_RE_PROCDEF ( 
ID_ varchar(64) NOT NULL, 
REV_ integer, 
CATEGORY_ varchar(255), 
NAME_ varchar(255), 
KEY_ varchar(255) NOT NULL, 
VERSION_ integer NOT NULL, 
DEPLOYMENT_ID_ varchar(64), 
RESOURCE_NAME_ varchar(4000), 
DGRM_RESOURCE_NAME_ varchar(4000), 
DESCRIPTION_ varchar(4000), 
HAS_START_FORM_KEY_ bit, 
HAS_GRAPHICAL_NOTATION_ bit, 
SUSPENSION_STATE_ integer, 
TENANT_ID_ varchar(255) default '', 
DERIVED_FROM_ varchar(64), 
DERIVED_FROM_ROOT_ varchar(64), 
DERIVED_VERSION_ integer NOT NULL default 0, 
ENGINE_VERSION_ varchar(255), 
primary key (ID_) 
)
2025-07-01T03:24:31.076Z DEBUG 2979 --- [flowable-spring-boot] [           main] o.f.e.impl.db.ProcessDbSchemaManager     : SQL: create table ACT_EVT_LOG ( 
LOG_NR_ identity, 
TYPE_ varchar(64), 
PROC_DEF_ID_ varchar(64), 
PROC_INST_ID_ varchar(64), 
EXECUTION_ID_ varchar(64), 
TASK_ID_ varchar(64), 
TIME_STAMP_ timestamp not null, 
USER_ID_ varchar(255), 
DATA_ longvarbinary, 
LOCK_OWNER_ varchar(255), 
LOCK_TIME_ timestamp, 
IS_PROCESSED_ bit default 0 
)
2025-07-01T03:24:31.077Z DEBUG 2979 --- [flowable-spring-boot] [           main] o.f.e.impl.db.ProcessDbSchemaManager     : SQL: create table ACT_PROCDEF_INFO ( 
ID_ varchar(64) not null, 
PROC_DEF_ID_ varchar(64) not null, 
REV_ integer, 
INFO_JSON_ID_ varchar(64), 
primary key (ID_) 
)
2025-07-01T03:24:31.077Z DEBUG 2979 --- [flowable-spring-boot] [           main] o.f.e.impl.db.ProcessDbSchemaManager     : SQL: create table ACT_RU_ACTINST ( 
ID_ varchar(64) not null, 
REV_ integer default 1, 
PROC_DEF_ID_ varchar(64) not null, 
PROC_INST_ID_ varchar(64) not null, 
EXECUTION_ID_ varchar(64) not null, 
ACT_ID_ varchar(255) not null, 
TASK_ID_ varchar(64), 
CALL_PROC_INST_ID_ varchar(64), 
ACT_NAME_ varchar(255), 
ACT_TYPE_ varchar(255) not null, 
ASSIGNEE_ varchar(255), 
START_TIME_ timestamp not null, 
END_TIME_ timestamp, 
TRANSACTION_ORDER_ integer, 
DURATION_ bigint, 
DELETE_REASON_ varchar(4000), 
TENANT_ID_ varchar(255) default '', 
primary key (ID_) 
)
2025-07-01T03:24:31.078Z DEBUG 2979 --- [flowable-spring-boot] [           main] o.f.e.impl.db.ProcessDbSchemaManager     : SQL: create index ACT_IDX_EXEC_BUSKEY on ACT_RU_EXECUTION(BUSINESS_KEY_)
2025-07-01T03:24:31.078Z DEBUG 2979 --- [flowable-spring-boot] [           main] o.f.e.impl.db.ProcessDbSchemaManager     : SQL: create index ACT_IDC_EXEC_ROOT on ACT_RU_EXECUTION(ROOT_PROC_INST_ID_)
2025-07-01T03:24:31.078Z DEBUG 2979 --- [flowable-spring-boot] [           main] o.f.e.impl.db.ProcessDbSchemaManager     : SQL: create index ACT_IDX_EXEC_REF_ID_ on ACT_RU_EXECUTION(REFERENCE_ID_)
2025-07-01T03:24:31.079Z DEBUG 2979 --- [flowable-spring-boot] [           main] o.f.e.impl.db.ProcessDbSchemaManager     : SQL: create index ACT_IDX_VARIABLE_TASK_ID on ACT_RU_VARIABLE(TASK_ID_)
2025-07-01T03:24:31.079Z DEBUG 2979 --- [flowable-spring-boot] [           main] o.f.e.impl.db.ProcessDbSchemaManager     : SQL: create index ACT_IDX_ATHRZ_PROCEDEF on ACT_RU_IDENTITYLINK(PROC_DEF_ID_)
2025-07-01T03:24:31.079Z DEBUG 2979 --- [flowable-spring-boot] [           main] o.f.e.impl.db.ProcessDbSchemaManager     : SQL: create index ACT_IDX_INFO_PROCDEF on ACT_PROCDEF_INFO(PROC_DEF_ID_)
2025-07-01T03:24:31.079Z DEBUG 2979 --- [flowable-spring-boot] [           main] o.f.e.impl.db.ProcessDbSchemaManager     : SQL: create index ACT_IDX_RU_ACTI_START on ACT_RU_ACTINST(START_TIME_)
2025-07-01T03:24:31.079Z DEBUG 2979 --- [flowable-spring-boot] [           main] o.f.e.impl.db.ProcessDbSchemaManager     : SQL: create index ACT_IDX_RU_ACTI_END on ACT_RU_ACTINST(END_TIME_)
2025-07-01T03:24:31.080Z DEBUG 2979 --- [flowable-spring-boot] [           main] o.f.e.impl.db.ProcessDbSchemaManager     : SQL: create index ACT_IDX_RU_ACTI_PROC on ACT_RU_ACTINST(PROC_INST_ID_)
2025-07-01T03:24:31.080Z DEBUG 2979 --- [flowable-spring-boot] [           main] o.f.e.impl.db.ProcessDbSchemaManager     : SQL: create index ACT_IDX_RU_ACTI_PROC_ACT on ACT_RU_ACTINST(PROC_INST_ID_, ACT_ID_)
2025-07-01T03:24:31.080Z DEBUG 2979 --- [flowable-spring-boot] [           main] o.f.e.impl.db.ProcessDbSchemaManager     : SQL: create index ACT_IDX_RU_ACTI_EXEC on ACT_RU_ACTINST(EXECUTION_ID_)
2025-07-01T03:24:31.080Z DEBUG 2979 --- [flowable-spring-boot] [           main] o.f.e.impl.db.ProcessDbSchemaManager     : SQL: create index ACT_IDX_RU_ACTI_EXEC_ACT on ACT_RU_ACTINST(EXECUTION_ID_, ACT_ID_)
2025-07-01T03:24:31.081Z DEBUG 2979 --- [flowable-spring-boot] [           main] o.f.e.impl.db.ProcessDbSchemaManager     : SQL: create index ACT_IDX_RU_ACTI_TASK on ACT_RU_ACTINST(TASK_ID_)
2025-07-01T03:24:31.081Z DEBUG 2979 --- [flowable-spring-boot] [           main] o.f.e.impl.db.ProcessDbSchemaManager     : SQL: alter table ACT_GE_BYTEARRAY 
add constraint ACT_FK_BYTEARR_DEPL 
foreign key (DEPLOYMENT_ID_) 
references ACT_RE_DEPLOYMENT
2025-07-01T03:24:31.082Z DEBUG 2979 --- [flowable-spring-boot] [           main] o.f.e.impl.db.ProcessDbSchemaManager     : SQL: alter table ACT_RE_PROCDEF 
add constraint ACT_UNIQ_PROCDEF 
unique (KEY_,VERSION_, DERIVED_VERSION_, TENANT_ID_)
2025-07-01T03:24:31.082Z DEBUG 2979 --- [flowable-spring-boot] [           main] o.f.e.impl.db.ProcessDbSchemaManager     : SQL: alter table ACT_RU_EXECUTION 
add constraint ACT_FK_EXE_PROCINST 
foreign key (PROC_INST_ID_) 
references ACT_RU_EXECUTION
2025-07-01T03:24:31.083Z DEBUG 2979 --- [flowable-spring-boot] [           main] o.f.e.impl.db.ProcessDbSchemaManager     : SQL: alter table ACT_RU_EXECUTION 
add constraint ACT_FK_EXE_PARENT 
foreign key (PARENT_ID_) 
references ACT_RU_EXECUTION
2025-07-01T03:24:31.084Z DEBUG 2979 --- [flowable-spring-boot] [           main] o.f.e.impl.db.ProcessDbSchemaManager     : SQL: alter table ACT_RU_EXECUTION 
add constraint ACT_FK_EXE_SUPER 
foreign key (SUPER_EXEC_) 
references ACT_RU_EXECUTION
2025-07-01T03:24:31.085Z DEBUG 2979 --- [flowable-spring-boot] [           main] o.f.e.impl.db.ProcessDbSchemaManager     : SQL: alter table ACT_RU_EXECUTION 
add constraint ACT_FK_EXE_PROCDEF 
foreign key (PROC_DEF_ID_) 
references ACT_RE_PROCDEF (ID_)
2025-07-01T03:24:31.086Z DEBUG 2979 --- [flowable-spring-boot] [           main] o.f.e.impl.db.ProcessDbSchemaManager     : SQL: alter table ACT_RU_IDENTITYLINK 
add constraint ACT_FK_TSKASS_TASK 
foreign key (TASK_ID_) 
references ACT_RU_TASK
2025-07-01T03:24:31.086Z DEBUG 2979 --- [flowable-spring-boot] [           main] o.f.e.impl.db.ProcessDbSchemaManager     : SQL: alter table ACT_RU_IDENTITYLINK 
add constraint ACT_FK_ATHRZ_PROCEDEF 
foreign key (PROC_DEF_ID_) 
references ACT_RE_PROCDEF
2025-07-01T03:24:31.087Z DEBUG 2979 --- [flowable-spring-boot] [           main] o.f.e.impl.db.ProcessDbSchemaManager     : SQL: alter table ACT_RU_IDENTITYLINK 
add constraint ACT_FK_IDL_PROCINST 
foreign key (PROC_INST_ID_) 
references ACT_RU_EXECUTION (ID_)
2025-07-01T03:24:31.088Z DEBUG 2979 --- [flowable-spring-boot] [           main] o.f.e.impl.db.ProcessDbSchemaManager     : SQL: alter table ACT_RU_TASK 
add constraint ACT_FK_TASK_EXE 
foreign key (EXECUTION_ID_) 
references ACT_RU_EXECUTION
2025-07-01T03:24:31.089Z DEBUG 2979 --- [flowable-spring-boot] [           main] o.f.e.impl.db.ProcessDbSchemaManager     : SQL: alter table ACT_RU_TASK 
add constraint ACT_FK_TASK_PROCINST 
foreign key (PROC_INST_ID_) 
references ACT_RU_EXECUTION
2025-07-01T03:24:31.090Z DEBUG 2979 --- [flowable-spring-boot] [           main] o.f.e.impl.db.ProcessDbSchemaManager     : SQL: alter table ACT_RU_TASK 
add constraint ACT_FK_TASK_PROCDEF 
foreign key (PROC_DEF_ID_) 
references ACT_RE_PROCDEF
2025-07-01T03:24:31.090Z DEBUG 2979 --- [flowable-spring-boot] [           main] o.f.e.impl.db.ProcessDbSchemaManager     : SQL: alter table ACT_RU_VARIABLE 
add constraint ACT_FK_VAR_EXE 
foreign key (EXECUTION_ID_) 
references ACT_RU_EXECUTION
2025-07-01T03:24:31.091Z DEBUG 2979 --- [flowable-spring-boot] [           main] o.f.e.impl.db.ProcessDbSchemaManager     : SQL: alter table ACT_RU_VARIABLE 
add constraint ACT_FK_VAR_PROCINST 
foreign key (PROC_INST_ID_) 
references ACT_RU_EXECUTION
2025-07-01T03:24:31.092Z DEBUG 2979 --- [flowable-spring-boot] [           main] o.f.e.impl.db.ProcessDbSchemaManager     : SQL: alter table ACT_RU_JOB 
add constraint ACT_FK_JOB_EXECUTION 
foreign key (EXECUTION_ID_) 
references ACT_RU_EXECUTION
2025-07-01T03:24:31.093Z DEBUG 2979 --- [flowable-spring-boot] [           main] o.f.e.impl.db.ProcessDbSchemaManager     : SQL: alter table ACT_RU_JOB 
add constraint ACT_FK_JOB_PROCESS_INSTANCE 
foreign key (PROCESS_INSTANCE_ID_) 
references ACT_RU_EXECUTION
2025-07-01T03:24:31.093Z DEBUG 2979 --- [flowable-spring-boot] [           main] o.f.e.impl.db.ProcessDbSchemaManager     : SQL: alter table ACT_RU_JOB 
add constraint ACT_FK_JOB_PROC_DEF 
foreign key (PROC_DEF_ID_) 
references ACT_RE_PROCDEF
2025-07-01T03:24:31.094Z DEBUG 2979 --- [flowable-spring-boot] [           main] o.f.e.impl.db.ProcessDbSchemaManager     : SQL: alter table ACT_RU_TIMER_JOB 
add constraint ACT_FK_TIMER_JOB_EXECUTION 
foreign key (EXECUTION_ID_) 
references ACT_RU_EXECUTION
2025-07-01T03:24:31.095Z DEBUG 2979 --- [flowable-spring-boot] [           main] o.f.e.impl.db.ProcessDbSchemaManager     : SQL: alter table ACT_RU_TIMER_JOB 
add constraint ACT_FK_TIMER_JOB_PROCESS_INSTANCE 
foreign key (PROCESS_INSTANCE_ID_) 
references ACT_RU_EXECUTION
2025-07-01T03:24:31.096Z DEBUG 2979 --- [flowable-spring-boot] [           main] o.f.e.impl.db.ProcessDbSchemaManager     : SQL: alter table ACT_RU_TIMER_JOB 
add constraint ACT_FK_TIMER_JOB_PROC_DEF 
foreign key (PROC_DEF_ID_) 
references ACT_RE_PROCDEF
2025-07-01T03:24:31.097Z DEBUG 2979 --- [flowable-spring-boot] [           main] o.f.e.impl.db.ProcessDbSchemaManager     : SQL: alter table ACT_RU_SUSPENDED_JOB 
add constraint ACT_FK_SUSPENDED_JOB_EXECUTION 
foreign key (EXECUTION_ID_) 
references ACT_RU_EXECUTION
2025-07-01T03:24:31.097Z DEBUG 2979 --- [flowable-spring-boot] [           main] o.f.e.impl.db.ProcessDbSchemaManager     : SQL: alter table ACT_RU_SUSPENDED_JOB 
add constraint ACT_FK_SUSPENDED_JOB_PROCESS_INSTANCE 
foreign key (PROCESS_INSTANCE_ID_) 
references ACT_RU_EXECUTION
2025-07-01T03:24:31.098Z DEBUG 2979 --- [flowable-spring-boot] [           main] o.f.e.impl.db.ProcessDbSchemaManager     : SQL: alter table ACT_RU_SUSPENDED_JOB 
add constraint ACT_FK_SUSPENDED_JOB_PROC_DEF 
foreign key (PROC_DEF_ID_) 
references ACT_RE_PROCDEF
2025-07-01T03:24:31.099Z DEBUG 2979 --- [flowable-spring-boot] [           main] o.f.e.impl.db.ProcessDbSchemaManager     : SQL: alter table ACT_RU_DEADLETTER_JOB 
add constraint ACT_FK_DEADLETTER_JOB_EXECUTION 
foreign key (EXECUTION_ID_) 
references ACT_RU_EXECUTION
2025-07-01T03:24:31.100Z DEBUG 2979 --- [flowable-spring-boot] [           main] o.f.e.impl.db.ProcessDbSchemaManager     : SQL: alter table ACT_RU_DEADLETTER_JOB 
add constraint ACT_FK_DEADLETTER_JOB_PROCESS_INSTANCE 
foreign key (PROCESS_INSTANCE_ID_) 
references ACT_RU_EXECUTION
2025-07-01T03:24:31.101Z DEBUG 2979 --- [flowable-spring-boot] [           main] o.f.e.impl.db.ProcessDbSchemaManager     : SQL: alter table ACT_RU_DEADLETTER_JOB 
add constraint ACT_FK_DEADLETTER_JOB_PROC_DEF 
foreign key (PROC_DEF_ID_) 
references ACT_RE_PROCDEF
2025-07-01T03:24:31.102Z DEBUG 2979 --- [flowable-spring-boot] [           main] o.f.e.impl.db.ProcessDbSchemaManager     : SQL: alter table ACT_RU_EVENT_SUBSCR 
add constraint ACT_FK_EVENT_EXEC 
foreign key (EXECUTION_ID_) 
references ACT_RU_EXECUTION
2025-07-01T03:24:31.103Z DEBUG 2979 --- [flowable-spring-boot] [           main] o.f.e.impl.db.ProcessDbSchemaManager     : SQL: alter table ACT_RE_MODEL 
add constraint ACT_FK_MODEL_SOURCE 
foreign key (EDITOR_SOURCE_VALUE_ID_) 
references ACT_GE_BYTEARRAY (ID_)
2025-07-01T03:24:31.104Z DEBUG 2979 --- [flowable-spring-boot] [           main] o.f.e.impl.db.ProcessDbSchemaManager     : SQL: alter table ACT_RE_MODEL 
add constraint ACT_FK_MODEL_SOURCE_EXTRA 
foreign key (EDITOR_SOURCE_EXTRA_VALUE_ID_) 
references ACT_GE_BYTEARRAY (ID_)
2025-07-01T03:24:31.105Z DEBUG 2979 --- [flowable-spring-boot] [           main] o.f.e.impl.db.ProcessDbSchemaManager     : SQL: alter table ACT_RE_MODEL 
add constraint ACT_FK_MODEL_DEPLOYMENT 
foreign key (DEPLOYMENT_ID_) 
references ACT_RE_DEPLOYMENT (ID_)
2025-07-01T03:24:31.106Z DEBUG 2979 --- [flowable-spring-boot] [           main] o.f.e.impl.db.ProcessDbSchemaManager     : SQL: alter table ACT_PROCDEF_INFO 
add constraint ACT_FK_INFO_JSON_BA 
foreign key (INFO_JSON_ID_) 
references ACT_GE_BYTEARRAY (ID_)
2025-07-01T03:24:31.106Z DEBUG 2979 --- [flowable-spring-boot] [           main] o.f.e.impl.db.ProcessDbSchemaManager     : SQL: alter table ACT_PROCDEF_INFO 
add constraint ACT_FK_INFO_PROCDEF 
foreign key (PROC_DEF_ID_) 
references ACT_RE_PROCDEF (ID_)
2025-07-01T03:24:31.107Z DEBUG 2979 --- [flowable-spring-boot] [           main] o.f.e.impl.db.ProcessDbSchemaManager     : SQL: alter table ACT_PROCDEF_INFO 
add constraint ACT_UNIQ_INFO_PROCDEF 
unique (PROC_DEF_ID_)
2025-07-01T03:24:31.107Z DEBUG 2979 --- [flowable-spring-boot] [           main] o.f.e.impl.db.ProcessDbSchemaManager     : SQL: insert into ACT_GE_PROPERTY 
values ('schema.version', '7.0.1.1', 1)
2025-07-01T03:24:31.108Z DEBUG 2979 --- [flowable-spring-boot] [           main] o.f.e.impl.db.ProcessDbSchemaManager     : SQL: insert into ACT_GE_PROPERTY 
values ('schema.history', 'create(7.0.1.1)', 1)
2025-07-01T03:24:31.108Z DEBUG 2979 --- [flowable-spring-boot] [           main] o.f.e.impl.db.ProcessDbSchemaManager     : flowable db schema create for component engine successful
2025-07-01T03:24:31.108Z  INFO 2979 --- [flowable-spring-boot] [           main] o.f.e.impl.db.ProcessDbSchemaManager     : performing create on history with resource org/flowable/db/create/flowable.h2.create.history.sql
2025-07-01T03:24:31.108Z DEBUG 2979 --- [flowable-spring-boot] [           main] o.f.e.impl.db.ProcessDbSchemaManager     : SQL: create table ACT_HI_PROCINST ( 
ID_ varchar(64) not null, 
REV_ integer default 1, 
PROC_INST_ID_ varchar(64) not null, 
BUSINESS_KEY_ varchar(255), 
PROC_DEF_ID_ varchar(64) not null, 
START_TIME_ timestamp not null, 
END_TIME_ timestamp, 
DURATION_ bigint, 
START_USER_ID_ varchar(255), 
START_ACT_ID_ varchar(255), 
END_ACT_ID_ varchar(255), 
SUPER_PROCESS_INSTANCE_ID_ varchar(64), 
DELETE_REASON_ varchar(4000), 
TENANT_ID_ varchar(255) default '', 
NAME_ varchar(255), 
CALLBACK_ID_ varchar(255), 
CALLBACK_TYPE_ varchar(255), 
REFERENCE_ID_ varchar(255), 
REFERENCE_TYPE_ varchar(255), 
PROPAGATED_STAGE_INST_ID_ varchar(255), 
BUSINESS_STATUS_ varchar(255), 
primary key (ID_), 
unique (PROC_INST_ID_) 
)
2025-07-01T03:24:31.109Z DEBUG 2979 --- [flowable-spring-boot] [           main] o.f.e.impl.db.ProcessDbSchemaManager     : SQL: create table ACT_HI_ACTINST ( 
ID_ varchar(64) not null, 
REV_ integer default 1, 
PROC_DEF_ID_ varchar(64) not null, 
PROC_INST_ID_ varchar(64) not null, 
EXECUTION_ID_ varchar(64) not null, 
ACT_ID_ varchar(255) not null, 
TASK_ID_ varchar(64), 
CALL_PROC_INST_ID_ varchar(64), 
ACT_NAME_ varchar(255), 
ACT_TYPE_ varchar(255) not null, 
ASSIGNEE_ varchar(255), 
START_TIME_ timestamp not null, 
END_TIME_ timestamp, 
TRANSACTION_ORDER_ integer, 
DURATION_ bigint, 
DELETE_REASON_ varchar(4000), 
TENANT_ID_ varchar(255) default '', 
primary key (ID_) 
)
2025-07-01T03:24:31.110Z DEBUG 2979 --- [flowable-spring-boot] [           main] o.f.e.impl.db.ProcessDbSchemaManager     : SQL: create table ACT_HI_DETAIL ( 
ID_ varchar(64) not null, 
TYPE_ varchar(255) not null, 
TIME_ timestamp not null, 
NAME_ varchar(255), 
PROC_INST_ID_ varchar(64), 
EXECUTION_ID_ varchar(64), 
TASK_ID_ varchar(64), 
ACT_INST_ID_ varchar(64), 
VAR_TYPE_ varchar(255), 
REV_ integer, 
BYTEARRAY_ID_ varchar(64), 
DOUBLE_ double, 
LONG_ bigint, 
TEXT_ varchar(4000), 
TEXT2_ varchar(4000), 
primary key (ID_) 
)
2025-07-01T03:24:31.111Z DEBUG 2979 --- [flowable-spring-boot] [           main] o.f.e.impl.db.ProcessDbSchemaManager     : SQL: create table ACT_HI_COMMENT ( 
ID_ varchar(64) not null, 
TYPE_ varchar(255), 
TIME_ timestamp not null, 
USER_ID_ varchar(255), 
TASK_ID_ varchar(64), 
PROC_INST_ID_ varchar(64), 
ACTION_ varchar(255), 
MESSAGE_ varchar(4000), 
FULL_MSG_ longvarbinary, 
primary key (ID_) 
)
2025-07-01T03:24:31.111Z DEBUG 2979 --- [flowable-spring-boot] [           main] o.f.e.impl.db.ProcessDbSchemaManager     : SQL: create table ACT_HI_ATTACHMENT ( 
ID_ varchar(64) not null, 
REV_ integer, 
USER_ID_ varchar(255), 
NAME_ varchar(255), 
DESCRIPTION_ varchar(4000), 
TYPE_ varchar(255), 
TASK_ID_ varchar(64), 
PROC_INST_ID_ varchar(64), 
URL_ varchar(4000), 
CONTENT_ID_ varchar(64), 
TIME_ timestamp, 
primary key (ID_) 
)
2025-07-01T03:24:31.111Z DEBUG 2979 --- [flowable-spring-boot] [           main] o.f.e.impl.db.ProcessDbSchemaManager     : SQL: create index ACT_IDX_HI_PRO_INST_END on ACT_HI_PROCINST(END_TIME_)
2025-07-01T03:24:31.112Z DEBUG 2979 --- [flowable-spring-boot] [           main] o.f.e.impl.db.ProcessDbSchemaManager     : SQL: create index ACT_IDX_HI_PRO_I_BUSKEY on ACT_HI_PROCINST(BUSINESS_KEY_)
2025-07-01T03:24:31.112Z DEBUG 2979 --- [flowable-spring-boot] [           main] o.f.e.impl.db.ProcessDbSchemaManager     : SQL: create index ACT_IDX_HI_PRO_SUPER_PROCINST on ACT_HI_PROCINST(SUPER_PROCESS_INSTANCE_ID_)
2025-07-01T03:24:31.112Z DEBUG 2979 --- [flowable-spring-boot] [           main] o.f.e.impl.db.ProcessDbSchemaManager     : SQL: create index ACT_IDX_HI_ACT_INST_START on ACT_HI_ACTINST(START_TIME_)
2025-07-01T03:24:31.113Z DEBUG 2979 --- [flowable-spring-boot] [           main] o.f.e.impl.db.ProcessDbSchemaManager     : SQL: create index ACT_IDX_HI_ACT_INST_END on ACT_HI_ACTINST(END_TIME_)
2025-07-01T03:24:31.113Z DEBUG 2979 --- [flowable-spring-boot] [           main] o.f.e.impl.db.ProcessDbSchemaManager     : SQL: create index ACT_IDX_HI_DETAIL_PROC_INST on ACT_HI_DETAIL(PROC_INST_ID_)
2025-07-01T03:24:31.113Z DEBUG 2979 --- [flowable-spring-boot] [           main] o.f.e.impl.db.ProcessDbSchemaManager     : SQL: create index ACT_IDX_HI_DETAIL_ACT_INST on ACT_HI_DETAIL(ACT_INST_ID_)
2025-07-01T03:24:31.114Z DEBUG 2979 --- [flowable-spring-boot] [           main] o.f.e.impl.db.ProcessDbSchemaManager     : SQL: create index ACT_IDX_HI_DETAIL_TIME on ACT_HI_DETAIL(TIME_)
2025-07-01T03:24:31.114Z DEBUG 2979 --- [flowable-spring-boot] [           main] o.f.e.impl.db.ProcessDbSchemaManager     : SQL: create index ACT_IDX_HI_DETAIL_NAME on ACT_HI_DETAIL(NAME_)
2025-07-01T03:24:31.114Z DEBUG 2979 --- [flowable-spring-boot] [           main] o.f.e.impl.db.ProcessDbSchemaManager     : SQL: create index ACT_IDX_HI_DETAIL_TASK_ID on ACT_HI_DETAIL(TASK_ID_)
2025-07-01T03:24:31.115Z DEBUG 2979 --- [flowable-spring-boot] [           main] o.f.e.impl.db.ProcessDbSchemaManager     : SQL: create index ACT_IDX_HI_PROCVAR_PROC_INST on ACT_HI_VARINST(PROC_INST_ID_)
2025-07-01T03:24:31.115Z DEBUG 2979 --- [flowable-spring-boot] [           main] o.f.e.impl.db.ProcessDbSchemaManager     : SQL: create index ACT_IDX_HI_PROCVAR_TASK_ID on ACT_HI_VARINST(TASK_ID_)
2025-07-01T03:24:31.115Z DEBUG 2979 --- [flowable-spring-boot] [           main] o.f.e.impl.db.ProcessDbSchemaManager     : SQL: create index ACT_IDX_HI_PROCVAR_EXE on ACT_HI_VARINST(EXECUTION_ID_)
2025-07-01T03:24:31.115Z DEBUG 2979 --- [flowable-spring-boot] [           main] o.f.e.impl.db.ProcessDbSchemaManager     : SQL: create index ACT_IDX_HI_ACT_INST_PROCINST on ACT_HI_ACTINST(PROC_INST_ID_, ACT_ID_)
2025-07-01T03:24:31.116Z DEBUG 2979 --- [flowable-spring-boot] [           main] o.f.e.impl.db.ProcessDbSchemaManager     : SQL: create index ACT_IDX_HI_IDENT_LNK_TASK on ACT_HI_IDENTITYLINK(TASK_ID_)
2025-07-01T03:24:31.116Z DEBUG 2979 --- [flowable-spring-boot] [           main] o.f.e.impl.db.ProcessDbSchemaManager     : SQL: create index ACT_IDX_HI_IDENT_LNK_PROCINST on ACT_HI_IDENTITYLINK(PROC_INST_ID_)
2025-07-01T03:24:31.116Z DEBUG 2979 --- [flowable-spring-boot] [           main] o.f.e.impl.db.ProcessDbSchemaManager     : SQL: create index ACT_IDX_HI_ACT_INST_EXEC on ACT_HI_ACTINST(EXECUTION_ID_, ACT_ID_)
2025-07-01T03:24:31.116Z DEBUG 2979 --- [flowable-spring-boot] [           main] o.f.e.impl.db.ProcessDbSchemaManager     : SQL: create index ACT_IDX_HI_TASK_INST_PROCINST on ACT_HI_TASKINST(PROC_INST_ID_)
2025-07-01T03:24:31.117Z DEBUG 2979 --- [flowable-spring-boot] [           main] o.f.e.impl.db.ProcessDbSchemaManager     : flowable db schema create for component history successful
2025-07-01T03:24:31.118Z DEBUG 2979 --- [flowable-spring-boot] [           main] o.f.common.engine.impl.db.DbSqlSession   : Flushing dbSqlSession
2025-07-01T03:24:31.118Z DEBUG 2979 --- [flowable-spring-boot] [           main] o.f.common.engine.impl.db.DbSqlSession   : flush summary: 0 insert, 0 update, 0 delete.
2025-07-01T03:24:31.118Z DEBUG 2979 --- [flowable-spring-boot] [           main] o.f.common.engine.impl.db.DbSqlSession   : now executing flush...
2025-07-01T03:24:31.120Z DEBUG 2979 --- [flowable-spring-boot] [           main] o.f.c.e.impl.interceptor.LogInterceptor  : --- SchemaOperationsProcessEngineBuild finished --------------------------------------------------------
2025-07-01T03:24:31.120Z  INFO 2979 --- [flowable-spring-boot] [           main] o.f.engine.impl.ProcessEngineImpl        : ProcessEngine default created
2025-07-01T03:24:31.124Z DEBUG 2979 --- [flowable-spring-boot] [           main] o.f.c.e.impl.interceptor.LogInterceptor  : --- starting ValidateV5EntitiesCmd --------------------------------------------------------
2025-07-01T03:24:31.124Z DEBUG 2979 --- [flowable-spring-boot] [           main] o.f.c.s.SpringTransactionInterceptor     : Running command with propagation REQUIRED
2025-07-01T03:24:31.124Z DEBUG 2979 --- [flowable-spring-boot] [           main] o.f.c.engine.impl.agenda.AbstractAgenda  : Operation class org.flowable.engine.impl.interceptor.CommandInvoker$1 added to agenda
2025-07-01T03:24:31.124Z DEBUG 2979 --- [flowable-spring-boot] [           main] o.f.e.impl.interceptor.CommandInvoker    : Executing operation class org.flowable.engine.impl.interceptor.CommandInvoker$1
2025-07-01T03:24:31.125Z DEBUG 2979 --- [flowable-spring-boot] [           main] o.f.c.e.impl.interceptor.LogInterceptor  : --- starting DeploymentQueryImpl --------------------------------------------------------
2025-07-01T03:24:31.125Z DEBUG 2979 --- [flowable-spring-boot] [           main] o.f.c.s.SpringTransactionInterceptor     : Running command with propagation REQUIRED
2025-07-01T03:24:31.125Z DEBUG 2979 --- [flowable-spring-boot] [           main] o.f.c.e.i.i.CommandContextInterceptor    : Valid context found. Reusing it for the current command 'org.flowable.engine.impl.DeploymentQueryImpl'
2025-07-01T03:24:31.125Z DEBUG 2979 --- [flowable-spring-boot] [           main] o.f.c.engine.impl.agenda.AbstractAgenda  : Operation class org.flowable.engine.impl.interceptor.CommandInvoker$1 added to agenda
2025-07-01T03:24:31.125Z DEBUG 2979 --- [flowable-spring-boot] [           main] o.f.e.impl.interceptor.CommandInvoker    : Executing operation class org.flowable.engine.impl.interceptor.CommandInvoker$1
2025-07-01T03:24:31.145Z DEBUG 2979 --- [flowable-spring-boot] [           main] e.D.selectDeploymentCountByQueryCriteria : ==>  Preparing: select count(RES.ID_) from ACT_RE_DEPLOYMENT RES WHERE RES.ENGINE_VERSION_ = ?
2025-07-01T03:24:31.161Z DEBUG 2979 --- [flowable-spring-boot] [           main] e.D.selectDeploymentCountByQueryCriteria : ==> Parameters: v5(String)
2025-07-01T03:24:31.178Z DEBUG 2979 --- [flowable-spring-boot] [           main] e.D.selectDeploymentCountByQueryCriteria : <==      Total: 1
2025-07-01T03:24:31.179Z DEBUG 2979 --- [flowable-spring-boot] [           main] o.f.c.e.impl.interceptor.LogInterceptor  : --- DeploymentQueryImpl finished --------------------------------------------------------
2025-07-01T03:24:31.179Z  INFO 2979 --- [flowable-spring-boot] [           main] o.f.e.impl.cmd.ValidateV5EntitiesCmd     : Total of v5 deployments found: 0
2025-07-01T03:24:31.179Z DEBUG 2979 --- [flowable-spring-boot] [           main] o.f.common.engine.impl.db.DbSqlSession   : Flushing dbSqlSession
2025-07-01T03:24:31.179Z DEBUG 2979 --- [flowable-spring-boot] [           main] o.f.common.engine.impl.db.DbSqlSession   : flush summary: 0 insert, 0 update, 0 delete.
2025-07-01T03:24:31.179Z DEBUG 2979 --- [flowable-spring-boot] [           main] o.f.common.engine.impl.db.DbSqlSession   : now executing flush...
2025-07-01T03:24:31.180Z DEBUG 2979 --- [flowable-spring-boot] [           main] o.f.c.e.impl.interceptor.LogInterceptor  : --- ValidateV5EntitiesCmd finished --------------------------------------------------------
2025-07-01T03:24:31.180Z DEBUG 2979 --- [flowable-spring-boot] [           main] o.f.c.e.impl.interceptor.LogInterceptor  : --- starting ValidateExecutionRelatedEntityCountCfgCmd --------------------------------------------------------
2025-07-01T03:24:31.180Z DEBUG 2979 --- [flowable-spring-boot] [           main] o.f.c.s.SpringTransactionInterceptor     : Running command with propagation REQUIRED
2025-07-01T03:24:31.180Z DEBUG 2979 --- [flowable-spring-boot] [           main] o.f.c.engine.impl.agenda.AbstractAgenda  : Operation class org.flowable.engine.impl.interceptor.CommandInvoker$1 added to agenda
2025-07-01T03:24:31.181Z DEBUG 2979 --- [flowable-spring-boot] [           main] o.f.e.impl.interceptor.CommandInvoker    : Executing operation class org.flowable.engine.impl.interceptor.CommandInvoker$1
2025-07-01T03:24:31.181Z DEBUG 2979 --- [flowable-spring-boot] [           main] o.f.c.e.i.p.e.P.selectProperty           : ==>  Preparing: select * from ACT_GE_PROPERTY where NAME_ = ?
2025-07-01T03:24:31.181Z DEBUG 2979 --- [flowable-spring-boot] [           main] o.f.c.e.i.p.e.P.selectProperty           : ==> Parameters: cfg.execution-related-entities-count(String)
2025-07-01T03:24:31.182Z DEBUG 2979 --- [flowable-spring-boot] [           main] o.f.c.e.i.p.e.P.selectProperty           : <==      Total: 0
2025-07-01T03:24:31.182Z DEBUG 2979 --- [flowable-spring-boot] [           main] o.f.common.engine.impl.db.DbSqlSession   : Flushing dbSqlSession
2025-07-01T03:24:31.182Z DEBUG 2979 --- [flowable-spring-boot] [           main] o.f.common.engine.impl.db.DbSqlSession   : insert PropertyEntity[name=cfg.execution-related-entities-count, value=true]
2025-07-01T03:24:31.183Z DEBUG 2979 --- [flowable-spring-boot] [           main] o.f.common.engine.impl.db.DbSqlSession   : flush summary: 1 insert, 0 update, 0 delete.
2025-07-01T03:24:31.183Z DEBUG 2979 --- [flowable-spring-boot] [           main] o.f.common.engine.impl.db.DbSqlSession   : now executing flush...
2025-07-01T03:24:31.183Z DEBUG 2979 --- [flowable-spring-boot] [           main] o.f.common.engine.impl.db.DbSqlSession   : inserting: PropertyEntity[name=cfg.execution-related-entities-count, value=true]
2025-07-01T03:24:31.183Z DEBUG 2979 --- [flowable-spring-boot] [           main] o.f.c.e.i.p.e.P.insertProperty           : ==>  Preparing: insert into ACT_GE_PROPERTY ( NAME_, VALUE_, REV_ ) values ( ?, ?, 1 )
2025-07-01T03:24:31.183Z DEBUG 2979 --- [flowable-spring-boot] [           main] o.f.c.e.i.p.e.P.insertProperty           : ==> Parameters: cfg.execution-related-entities-count(String), true(String)
2025-07-01T03:24:31.183Z DEBUG 2979 --- [flowable-spring-boot] [           main] o.f.c.e.i.p.e.P.insertProperty           : <==    Updates: 1
2025-07-01T03:24:31.184Z DEBUG 2979 --- [flowable-spring-boot] [           main] o.f.c.e.impl.interceptor.LogInterceptor  : --- ValidateExecutionRelatedEntityCountCfgCmd finished --------------------------------------------------------
2025-07-01T03:24:31.184Z DEBUG 2979 --- [flowable-spring-boot] [           main] o.f.c.e.impl.interceptor.LogInterceptor  : --- starting ValidateTaskRelatedEntityCountCfgCmd --------------------------------------------------------
2025-07-01T03:24:31.184Z DEBUG 2979 --- [flowable-spring-boot] [           main] o.f.c.s.SpringTransactionInterceptor     : Running command with propagation REQUIRED
2025-07-01T03:24:31.184Z DEBUG 2979 --- [flowable-spring-boot] [           main] o.f.c.engine.impl.agenda.AbstractAgenda  : Operation class org.flowable.engine.impl.interceptor.CommandInvoker$1 added to agenda
2025-07-01T03:24:31.184Z DEBUG 2979 --- [flowable-spring-boot] [           main] o.f.e.impl.interceptor.CommandInvoker    : Executing operation class org.flowable.engine.impl.interceptor.CommandInvoker$1
2025-07-01T03:24:31.185Z DEBUG 2979 --- [flowable-spring-boot] [           main] o.f.c.e.i.p.e.P.selectProperty           : ==>  Preparing: select * from ACT_GE_PROPERTY where NAME_ = ?
2025-07-01T03:24:31.185Z DEBUG 2979 --- [flowable-spring-boot] [           main] o.f.c.e.i.p.e.P.selectProperty           : ==> Parameters: cfg.task-related-entities-count(String)
2025-07-01T03:24:31.185Z DEBUG 2979 --- [flowable-spring-boot] [           main] o.f.c.e.i.p.e.P.selectProperty           : <==      Total: 0
2025-07-01T03:24:31.185Z DEBUG 2979 --- [flowable-spring-boot] [           main] o.f.common.engine.impl.db.DbSqlSession   : Flushing dbSqlSession
2025-07-01T03:24:31.185Z DEBUG 2979 --- [flowable-spring-boot] [           main] o.f.common.engine.impl.db.DbSqlSession   : insert PropertyEntity[name=cfg.task-related-entities-count, value=true]
2025-07-01T03:24:31.185Z DEBUG 2979 --- [flowable-spring-boot] [           main] o.f.common.engine.impl.db.DbSqlSession   : flush summary: 1 insert, 0 update, 0 delete.
2025-07-01T03:24:31.185Z DEBUG 2979 --- [flowable-spring-boot] [           main] o.f.common.engine.impl.db.DbSqlSession   : now executing flush...
2025-07-01T03:24:31.185Z DEBUG 2979 --- [flowable-spring-boot] [           main] o.f.common.engine.impl.db.DbSqlSession   : inserting: PropertyEntity[name=cfg.task-related-entities-count, value=true]
2025-07-01T03:24:31.186Z DEBUG 2979 --- [flowable-spring-boot] [           main] o.f.c.e.i.p.e.P.insertProperty           : ==>  Preparing: insert into ACT_GE_PROPERTY ( NAME_, VALUE_, REV_ ) values ( ?, ?, 1 )
2025-07-01T03:24:31.186Z DEBUG 2979 --- [flowable-spring-boot] [           main] o.f.c.e.i.p.e.P.insertProperty           : ==> Parameters: cfg.task-related-entities-count(String), true(String)
2025-07-01T03:24:31.186Z DEBUG 2979 --- [flowable-spring-boot] [           main] o.f.c.e.i.p.e.P.insertProperty           : <==    Updates: 1
2025-07-01T03:24:31.186Z DEBUG 2979 --- [flowable-spring-boot] [           main] o.f.c.e.impl.interceptor.LogInterceptor  : --- ValidateTaskRelatedEntityCountCfgCmd finished --------------------------------------------------------
[...]
2025-07-01T03:24:33.625Z DEBUG 2979 --- [flowable-spring-boot] [           main] o.f.common.engine.impl.db.DbSqlSession   : insert ActivityInstanceEntity[id=e86825c9-562a-11f0-8b42-aafe1edc1c17, activityId=flow1, executionId=e86825c7-562a-11f0-8b42-aafe1edc1c17, definitionId=simpleApproval:1:e7fdf21f-562a-11f0-8b42-aafe1edc1c17]
2025-07-01T03:24:33.625Z DEBUG 2979 --- [flowable-spring-boot] [           main] o.f.common.engine.impl.db.DbSqlSession   : insert ActivityInstanceEntity[id=e86825ca-562a-11f0-8b42-aafe1edc1c17, activityId=submitRequest, activityName=Submit Request, executionId=e86825c7-562a-11f0-8b42-aafe1edc1c17, definitionId=simpleApproval:1:e7fdf21f-562a-11f0-8b42-aafe1edc1c17]
2025-07-01T03:24:33.625Z DEBUG 2979 --- [flowable-spring-boot] [           main] o.f.common.engine.impl.db.DbSqlSession   : flush summary: 18 insert, 0 update, 0 delete.
2025-07-01T03:24:33.625Z DEBUG 2979 --- [flowable-spring-boot] [           main] o.f.common.engine.impl.db.DbSqlSession   : now executing flush...
2025-07-01T03:24:33.626Z DEBUG 2979 --- [flowable-spring-boot] [           main] p.e.H.bulkInsertHistoricVariableInstance : ==>  Preparing: insert into ACT_HI_VARINST (ID_, PROC_INST_ID_, EXECUTION_ID_, TASK_ID_, NAME_, REV_, VAR_TYPE_, SCOPE_ID_, SUB_SCOPE_ID_, SCOPE_TYPE_, BYTEARRAY_ID_, DOUBLE_, LONG_ , TEXT_, TEXT2_, META_INFO_, CREATE_TIME_, LAST_UPDATED_TIME_) values ( ?, ?, ?, ?, ?, ?, ?, ?, ?, ?, ?, ?, ?, ?, ?, ?, ?, ? ) , ( ?, ?, ?, ?, ?, ?, ?, ?, ?, ?, ?, ?, ?, ?, ?, ?, ?, ? )
2025-07-01T03:24:33.626Z DEBUG 2979 --- [flowable-spring-boot] [           main] p.e.H.bulkInsertHistoricVariableInstance : ==> Parameters: e86825c5-562a-11f0-8b42-aafe1edc1c17(String), e86825c4-562a-11f0-8b42-aafe1edc1c17(String), e86825c4-562a-11f0-8b42-aafe1edc1c17(String), null, requester(String), 0(Integer), string(String), null, null, null, null, null, null, test@example.com(String), null, null, 2025-07-01 03:24:33.624(Timestamp), 2025-07-01 03:24:33.624(Timestamp), e86825c6-562a-11f0-8b42-aafe1edc1c17(String), e86825c4-562a-11f0-8b42-aafe1edc1c17(String), e86825c4-562a-11f0-8b42-aafe1edc1c17(String), null, requestTitle(String), 0(Integer), string(String), null, null, null, null, null, null, Test Request(String), null, null, 2025-07-01 03:24:33.624(Timestamp), 2025-07-01 03:24:33.624(Timestamp)
2025-07-01T03:24:33.626Z DEBUG 2979 --- [flowable-spring-boot] [           main] p.e.H.bulkInsertHistoricVariableInstance : <==    Updates: 2
2025-07-01T03:24:33.626Z DEBUG 2979 --- [flowable-spring-boot] [           main] s.i.p.e.H.bulkInsertHistoricIdentityLink : ==>  Preparing: insert into ACT_HI_IDENTITYLINK (ID_, TYPE_, USER_ID_, GROUP_ID_, TASK_ID_, PROC_INST_ID_, SCOPE_ID_, SUB_SCOPE_ID_, SCOPE_TYPE_, SCOPE_DEFINITION_ID_, CREATE_TIME_) values (?, ?, ?, ?, ?, ?, ?, ?, ?, ?, ?) , (?, ?, ?, ?, ?, ?, ?, ?, ?, ?, ?)
2025-07-01T03:24:33.627Z DEBUG 2979 --- [flowable-spring-boot] [           main] s.i.p.e.H.bulkInsertHistoricIdentityLink : ==> Parameters: e8684cdc-562a-11f0-8b42-aafe1edc1c17(String), assignee(String), user(String), null, e8684cdb-562a-11f0-8b42-aafe1edc1c17(String), null, null, null, null, null, 2025-07-01 03:24:33.625(Timestamp), e8684cdd-562a-11f0-8b42-aafe1edc1c17(String), participant(String), user(String), null, null, e86825c4-562a-11f0-8b42-aafe1edc1c17(String), null, null, null, null, 2025-07-01 03:24:33.625(Timestamp)
2025-07-01T03:24:33.627Z DEBUG 2979 --- [flowable-spring-boot] [           main] s.i.p.e.H.bulkInsertHistoricIdentityLink : <==    Updates: 2
2025-07-01T03:24:33.627Z DEBUG 2979 --- [flowable-spring-boot] [           main] o.f.common.engine.impl.db.DbSqlSession   : inserting: HistoricTaskInstanceEntity[id=e8684cdb-562a-11f0-8b42-aafe1edc1c17, key=submitRequest, processInstanceId=e86825c4-562a-11f0-8b42-aafe1edc1c17, executionId=e86825c7-562a-11f0-8b42-aafe1edc1c17, processDefinitionId=simpleApproval:1:e7fdf21f-562a-11f0-8b42-aafe1edc1c17]
2025-07-01T03:24:33.627Z DEBUG 2979 --- [flowable-spring-boot] [           main] f.t.s.i.p.e.H.insertHistoricTaskInstance : ==>  Preparing: insert into ACT_HI_TASKINST ( ID_, REV_, TASK_DEF_ID_, PROC_DEF_ID_, PROC_INST_ID_, EXECUTION_ID_, SCOPE_ID_, SUB_SCOPE_ID_, SCOPE_TYPE_, SCOPE_DEFINITION_ID_, PROPAGATED_STAGE_INST_ID_, STATE_, NAME_, PARENT_TASK_ID_, DESCRIPTION_, OWNER_, ASSIGNEE_, START_TIME_, IN_PROGRESS_TIME_, IN_PROGRESS_STARTED_BY_, CLAIM_TIME_, CLAIMED_BY_, SUSPENDED_TIME_, SUSPENDED_BY_, END_TIME_, COMPLETED_BY_, DURATION_, DELETE_REASON_, TASK_DEF_KEY_, FORM_KEY_, PRIORITY_, IN_PROGRESS_DUE_DATE_, DUE_DATE_, CATEGORY_, TENANT_ID_, LAST_UPDATED_TIME_ ) values ( ?, 1, ?, ?, ?, ?, ?, ?, ?, ?, ?, ?, ?, ?, ?, ?, ?, ?, ?, ?, ?, ?, ?, ?, ?, ?, ?, ?, ?, ?, ?, ?, ?, ?, ?, ? )
2025-07-01T03:24:33.627Z DEBUG 2979 --- [flowable-spring-boot] [           main] f.t.s.i.p.e.H.insertHistoricTaskInstance : ==> Parameters: e8684cdb-562a-11f0-8b42-aafe1edc1c17(String), null, simpleApproval:1:e7fdf21f-562a-11f0-8b42-aafe1edc1c17(String), e86825c4-562a-11f0-8b42-aafe1edc1c17(String), e86825c7-562a-11f0-8b42-aafe1edc1c17(String), null, null, null, null, null, created(String), Submit Request(String), null, Submit a request for approval(String), null, user(String), 2025-07-01 03:24:33.624(Timestamp), null, null, null, null, null, null, null, null, null, null, submitRequest(String), null, 50(Integer), null, null, null, (String), 2025-07-01 03:24:33.625(Timestamp)
2025-07-01T03:24:33.627Z DEBUG 2979 --- [flowable-spring-boot] [           main] f.t.s.i.p.e.H.insertHistoricTaskInstance : <==    Updates: 1
2025-07-01T03:24:33.627Z DEBUG 2979 --- [flowable-spring-boot] [           main] o.f.common.engine.impl.db.DbSqlSession   : inserting: HistoricProcessInstanceEntity[id=e86825c4-562a-11f0-8b42-aafe1edc1c17, definition=simpleApproval:1:e7fdf21f-562a-11f0-8b42-aafe1edc1c17]
2025-07-01T03:24:33.627Z DEBUG 2979 --- [flowable-spring-boot] [           main] .e.i.p.e.H.insertHistoricProcessInstance : ==>  Preparing: insert into ACT_HI_PROCINST ( ID_, REV_, PROC_INST_ID_, BUSINESS_KEY_, PROC_DEF_ID_, START_TIME_, END_TIME_, DURATION_, START_USER_ID_, START_ACT_ID_, END_ACT_ID_, SUPER_PROCESS_INSTANCE_ID_, DELETE_REASON_, TENANT_ID_, NAME_, CALLBACK_ID_, CALLBACK_TYPE_, REFERENCE_ID_, REFERENCE_TYPE_, PROPAGATED_STAGE_INST_ID_, BUSINESS_STATUS_ ) values ( ?, 1, ?, ?, ?, ?, ?, ?, ?, ?, ?, ?, ?, ?, ?, ?, ?, ?, ?, ?, ? )
2025-07-01T03:24:33.627Z DEBUG 2979 --- [flowable-spring-boot] [           main] .e.i.p.e.H.insertHistoricProcessInstance : ==> Parameters: e86825c4-562a-11f0-8b42-aafe1edc1c17(String), e86825c4-562a-11f0-8b42-aafe1edc1c17(String), null, simpleApproval:1:e7fdf21f-562a-11f0-8b42-aafe1edc1c17(String), 2025-07-01 03:24:33.624(Timestamp), null, null, null, startEvent(String), null, null, null, (String), null, null, null, null, null, null, null
2025-07-01T03:24:33.628Z DEBUG 2979 --- [flowable-spring-boot] [           main] .e.i.p.e.H.insertHistoricProcessInstance : <==    Updates: 1
2025-07-01T03:24:33.628Z DEBUG 2979 --- [flowable-spring-boot] [           main] p.e.H.bulkInsertHistoricActivityInstance : ==>  Preparing: insert into ACT_HI_ACTINST ( ID_, REV_, PROC_DEF_ID_, PROC_INST_ID_, EXECUTION_ID_, ACT_ID_, TASK_ID_, CALL_PROC_INST_ID_, ACT_NAME_, ACT_TYPE_, ASSIGNEE_, START_TIME_, END_TIME_, TRANSACTION_ORDER_, DURATION_, DELETE_REASON_, TENANT_ID_ ) values (?, 1, ?, ?, ?, ?, ?, ?, ?, ?, ?, ?, ?, ?, ?, ?, ?) , (?, 1, ?, ?, ?, ?, ?, ?, ?, ?, ?, ?, ?, ?, ?, ?, ?) , (?, 1, ?, ?, ?, ?, ?, ?, ?, ?, ?, ?, ?, ?, ?, ?, ?)
2025-07-01T03:24:33.628Z DEBUG 2979 --- [flowable-spring-boot] [           main] p.e.H.bulkInsertHistoricActivityInstance : ==> Parameters: e86825c8-562a-11f0-8b42-aafe1edc1c17(String), simpleApproval:1:e7fdf21f-562a-11f0-8b42-aafe1edc1c17(String), e86825c4-562a-11f0-8b42-aafe1edc1c17(String), e86825c7-562a-11f0-8b42-aafe1edc1c17(String), startEvent(String), null, null, Start(String), startEvent(String), null, 2025-07-01 03:24:33.624(Timestamp), 2025-07-01 03:24:33.624(Timestamp), 1(Integer), 0(Long), null, (String), e86825c9-562a-11f0-8b42-aafe1edc1c17(String), simpleApproval:1:e7fdf21f-562a-11f0-8b42-aafe1edc1c17(String), e86825c4-562a-11f0-8b42-aafe1edc1c17(String), e86825c7-562a-11f0-8b42-aafe1edc1c17(String), flow1(String), null, null, null, sequenceFlow(String), null, 2025-07-01 03:24:33.624(Timestamp), 2025-07-01 03:24:33.624(Timestamp), 2(Integer), 0(Long), null, (String), e86825ca-562a-11f0-8b42-aafe1edc1c17(String), simpleApproval:1:e7fdf21f-562a-11f0-8b42-aafe1edc1c17(String), e86825c4-562a-11f0-8b42-aafe1edc1c17(String), e86825c7-562a-11f0-8b42-aafe1edc1c17(String), submitRequest(String), e8684cdb-562a-11f0-8b42-aafe1edc1c17(String), null, Submit Request(String), userTask(String), user(String), 2025-07-01 03:24:33.624(Timestamp), null, 3(Integer), null, null, (String)
2025-07-01T03:24:33.628Z DEBUG 2979 --- [flowable-spring-boot] [           main] p.e.H.bulkInsertHistoricActivityInstance : <==    Updates: 3
2025-07-01T03:24:33.629Z DEBUG 2979 --- [flowable-spring-boot] [           main] o.f.e.i.p.e.E.bulkInsertExecution        : ==>  Preparing: insert into ACT_RU_EXECUTION (ID_, REV_, PROC_INST_ID_, BUSINESS_KEY_, PROC_DEF_ID_, ACT_ID_, IS_ACTIVE_, IS_CONCURRENT_, IS_SCOPE_,IS_EVENT_SCOPE_, IS_MI_ROOT_, PARENT_ID_, SUPER_EXEC_, ROOT_PROC_INST_ID_, SUSPENSION_STATE_, TENANT_ID_, NAME_, START_ACT_ID_, START_TIME_, START_USER_ID_, IS_COUNT_ENABLED_, EVT_SUBSCR_COUNT_, TASK_COUNT_, JOB_COUNT_, TIMER_JOB_COUNT_, SUSP_JOB_COUNT_, DEADLETTER_JOB_COUNT_, EXTERNAL_WORKER_JOB_COUNT_, VAR_COUNT_, ID_LINK_COUNT_, CALLBACK_ID_, CALLBACK_TYPE_, REFERENCE_ID_, REFERENCE_TYPE_, PROPAGATED_STAGE_INST_ID_, BUSINESS_STATUS_) values (?, 1, ?, ?, ?, ?, ?, ?, ?, ?, ?, ?, ?, ?, ?, ?, ?, ?, ?, ?, ?, ?, ?, ?, ?, ?, ?, ?, ?, ?, ?, ?, ?, ?, ?, ? ) , (?, 1, ?, ?, ?, ?, ?, ?, ?, ?, ?, ?, ?, ?, ?, ?, ?, ?, ?, ?, ?, ?, ?, ?, ?, ?, ?, ?, ?, ?, ?, ?, ?, ?, ?, ? )
2025-07-01T03:24:33.629Z DEBUG 2979 --- [flowable-spring-boot] [           main] o.f.e.i.p.e.E.bulkInsertExecution        : ==> Parameters: e86825c4-562a-11f0-8b42-aafe1edc1c17(String), e86825c4-562a-11f0-8b42-aafe1edc1c17(String), null, simpleApproval:1:e7fdf21f-562a-11f0-8b42-aafe1edc1c17(String), null, true(Boolean), false(Boolean), true(Boolean), false(Boolean), false(Boolean), null, null, e86825c4-562a-11f0-8b42-aafe1edc1c17(String), 1(Integer), (String), null, startEvent(String), 2025-07-01 03:24:33.624(Timestamp), null, true(Boolean), 0(Integer), 0(Integer), 0(Integer), 0(Integer), 0(Integer), 0(Integer), 0(Integer), 0(Integer), 0(Integer), null, null, null, null, null, null, e86825c7-562a-11f0-8b42-aafe1edc1c17(String), e86825c4-562a-11f0-8b42-aafe1edc1c17(String), null, simpleApproval:1:e7fdf21f-562a-11f0-8b42-aafe1edc1c17(String), submitRequest(String), true(Boolean), false(Boolean), false(Boolean), false(Boolean), false(Boolean), e86825c4-562a-11f0-8b42-aafe1edc1c17(String), null, e86825c4-562a-11f0-8b42-aafe1edc1c17(String), 1(Integer), (String), null, null, 2025-07-01 03:24:33.624(Timestamp), null, true(Boolean), 0(Integer), 1(Integer), 0(Integer), 0(Integer), 0(Integer), 0(Integer), 0(Integer), 0(Integer), 0(Integer), null, null, null, null, null, null
2025-07-01T03:24:33.630Z DEBUG 2979 --- [flowable-spring-boot] [           main] o.f.e.i.p.e.E.bulkInsertExecution        : <==    Updates: 2
2025-07-01T03:24:33.630Z DEBUG 2979 --- [flowable-spring-boot] [           main] o.f.e.i.p.e.A.bulkInsertActivityInstance : ==>  Preparing: insert into ACT_RU_ACTINST ( ID_, REV_, PROC_DEF_ID_, PROC_INST_ID_, EXECUTION_ID_, ACT_ID_, TASK_ID_, CALL_PROC_INST_ID_, ACT_NAME_, ACT_TYPE_, ASSIGNEE_, START_TIME_, END_TIME_, TRANSACTION_ORDER_, DURATION_, DELETE_REASON_, TENANT_ID_ ) values (?, 1, ?, ?, ?, ?, ?, ?, ?, ?, ?, ?, ?, ?, ?, ?, ?) , (?, 1, ?, ?, ?, ?, ?, ?, ?, ?, ?, ?, ?, ?, ?, ?, ?) , (?, 1, ?, ?, ?, ?, ?, ?, ?, ?, ?, ?, ?, ?, ?, ?, ?)
2025-07-01T03:24:33.630Z DEBUG 2979 --- [flowable-spring-boot] [           main] o.f.e.i.p.e.A.bulkInsertActivityInstance : ==> Parameters: e86825c8-562a-11f0-8b42-aafe1edc1c17(String), simpleApproval:1:e7fdf21f-562a-11f0-8b42-aafe1edc1c17(String), e86825c4-562a-11f0-8b42-aafe1edc1c17(String), e86825c7-562a-11f0-8b42-aafe1edc1c17(String), startEvent(String), null, null, Start(String), startEvent(String), null, 2025-07-01 03:24:33.624(Timestamp), 2025-07-01 03:24:33.624(Timestamp), 1(Integer), 0(Long), null, (String), e86825c9-562a-11f0-8b42-aafe1edc1c17(String), simpleApproval:1:e7fdf21f-562a-11f0-8b42-aafe1edc1c17(String), e86825c4-562a-11f0-8b42-aafe1edc1c17(String), e86825c7-562a-11f0-8b42-aafe1edc1c17(String), flow1(String), null, null, null, sequenceFlow(String), null, 2025-07-01 03:24:33.624(Timestamp), 2025-07-01 03:24:33.624(Timestamp), 2(Integer), 0(Long), null, (String), e86825ca-562a-11f0-8b42-aafe1edc1c17(String), simpleApproval:1:e7fdf21f-562a-11f0-8b42-aafe1edc1c17(String), e86825c4-562a-11f0-8b42-aafe1edc1c17(String), e86825c7-562a-11f0-8b42-aafe1edc1c17(String), submitRequest(String), e8684cdb-562a-11f0-8b42-aafe1edc1c17(String), null, Submit Request(String), userTask(String), user(String), 2025-07-01 03:24:33.624(Timestamp), null, 3(Integer), null, null, (String)
2025-07-01T03:24:33.630Z DEBUG 2979 --- [flowable-spring-boot] [           main] o.f.e.i.p.e.A.bulkInsertActivityInstance : <==    Updates: 3
2025-07-01T03:24:33.630Z DEBUG 2979 --- [flowable-spring-boot] [           main] o.f.common.engine.impl.db.DbSqlSession   : inserting: Task[id=e8684cdb-562a-11f0-8b42-aafe1edc1c17, key=submitRequest, name=Submit Request, processInstanceId=e86825c4-562a-11f0-8b42-aafe1edc1c17, executionId=e86825c7-562a-11f0-8b42-aafe1edc1c17, processDefinitionId=simpleApproval:1:e7fdf21f-562a-11f0-8b42-aafe1edc1c17]
2025-07-01T03:24:33.631Z DEBUG 2979 --- [flowable-spring-boot] [           main] o.f.t.s.i.p.e.TaskEntityImpl.insertTask  : ==>  Preparing: insert into ACT_RU_TASK (ID_, REV_, NAME_, PARENT_TASK_ID_, DESCRIPTION_, PRIORITY_, OWNER_, ASSIGNEE_, DELEGATION_, EXECUTION_ID_, PROC_INST_ID_, PROC_DEF_ID_, TASK_DEF_ID_, SCOPE_ID_, SUB_SCOPE_ID_, SCOPE_TYPE_, SCOPE_DEFINITION_ID_, PROPAGATED_STAGE_INST_ID_, TASK_DEF_KEY_, STATE_, CREATE_TIME_, IN_PROGRESS_TIME_, IN_PROGRESS_STARTED_BY_, CLAIM_TIME_, CLAIMED_BY_, SUSPENDED_TIME_, SUSPENDED_BY_, IN_PROGRESS_DUE_DATE_, DUE_DATE_, CATEGORY_, SUSPENSION_STATE_, TENANT_ID_, FORM_KEY_, IS_COUNT_ENABLED_, VAR_COUNT_, ID_LINK_COUNT_, SUB_TASK_COUNT_) values (?, 1, ?, ?, ?, ?, ?, ?, ?, ?, ?, ?, ?, ?, ?, ?, ?, ?, ?, ?, ?, ?, ?, ?, ?, ?, ?, ?, ?, ?, ?, ?, ?, ?, ?, ?, ? )
2025-07-01T03:24:33.631Z DEBUG 2979 --- [flowable-spring-boot] [           main] o.f.t.s.i.p.e.TaskEntityImpl.insertTask  : ==> Parameters: e8684cdb-562a-11f0-8b42-aafe1edc1c17(String), Submit Request(String), null, Submit a request for approval(String), 50(Integer), null, user(String), null, e86825c7-562a-11f0-8b42-aafe1edc1c17(String), e86825c4-562a-11f0-8b42-aafe1edc1c17(String), simpleApproval:1:e7fdf21f-562a-11f0-8b42-aafe1edc1c17(String), null, null, null, null, null, null, submitRequest(String), created(String), 2025-07-01 03:24:33.624(Timestamp), null, null, null, null, null, null, null, null, null, 1(Integer), (String), null, true(Boolean), 0(Integer), 0(Integer), 0(Integer)
2025-07-01T03:24:33.631Z DEBUG 2979 --- [flowable-spring-boot] [           main] o.f.t.s.i.p.e.TaskEntityImpl.insertTask  : <==    Updates: 1
2025-07-01T03:24:33.631Z DEBUG 2979 --- [flowable-spring-boot] [           main] o.f.common.engine.impl.db.DbSqlSession   : inserting: IdentityLinkEntity[id=e8684cdd-562a-11f0-8b42-aafe1edc1c17, type=participant, userId=user, processInstanceId=e86825c4-562a-11f0-8b42-aafe1edc1c17]
2025-07-01T03:24:33.631Z DEBUG 2979 --- [flowable-spring-boot] [           main] o.f.i.s.i.p.e.I.insertIdentityLink       : ==>  Preparing: insert into ACT_RU_IDENTITYLINK (ID_, REV_, TYPE_, USER_ID_, GROUP_ID_, TASK_ID_, PROC_INST_ID_, PROC_DEF_ID_, SCOPE_ID_, SUB_SCOPE_ID_, SCOPE_TYPE_, SCOPE_DEFINITION_ID_) values (?, 1, ?, ?, ?, ?, ?, ?, ?, ?, ?, ?)
2025-07-01T03:24:33.631Z DEBUG 2979 --- [flowable-spring-boot] [           main] o.f.i.s.i.p.e.I.insertIdentityLink       : ==> Parameters: e8684cdd-562a-11f0-8b42-aafe1edc1c17(String), participant(String), user(String), null, null, e86825c4-562a-11f0-8b42-aafe1edc1c17(String), null, null, null, null, null
2025-07-01T03:24:33.631Z DEBUG 2979 --- [flowable-spring-boot] [           main] o.f.i.s.i.p.e.I.insertIdentityLink       : <==    Updates: 1
2025-07-01T03:24:33.631Z DEBUG 2979 --- [flowable-spring-boot] [           main] f.v.s.i.p.e.V.bulkInsertVariableInstance : ==>  Preparing: INSERT INTO ACT_RU_VARIABLE (ID_, REV_, TYPE_, NAME_, PROC_INST_ID_, EXECUTION_ID_, TASK_ID_, SCOPE_ID_, SUB_SCOPE_ID_, SCOPE_TYPE_, BYTEARRAY_ID_, DOUBLE_, LONG_ , TEXT_, TEXT2_, META_INFO_) VALUES ( ?, 1, ?, ?, ?, ?, ?, ?, ?, ?, ?, ?, ?, ?, ?, ? ) , ( ?, 1, ?, ?, ?, ?, ?, ?, ?, ?, ?, ?, ?, ?, ?, ? )
2025-07-01T03:24:33.632Z DEBUG 2979 --- [flowable-spring-boot] [           main] f.v.s.i.p.e.V.bulkInsertVariableInstance : ==> Parameters: e86825c5-562a-11f0-8b42-aafe1edc1c17(String), string(String), requester(String), e86825c4-562a-11f0-8b42-aafe1edc1c17(String), e86825c4-562a-11f0-8b42-aafe1edc1c17(String), null, null, null, null, null, null, null, test@example.com(String), null, null, e86825c6-562a-11f0-8b42-aafe1edc1c17(String), string(String), requestTitle(String), e86825c4-562a-11f0-8b42-aafe1edc1c17(String), e86825c4-562a-11f0-8b42-aafe1edc1c17(String), null, null, null, null, null, null, null, Test Request(String), null, null
2025-07-01T03:24:33.632Z DEBUG 2979 --- [flowable-spring-boot] [           main] f.v.s.i.p.e.V.bulkInsertVariableInstance : <==    Updates: 2
2025-07-01T03:24:33.632Z DEBUG 2979 --- [flowable-spring-boot] [           main] o.f.c.e.impl.interceptor.LogInterceptor  : --- StartProcessInstanceCmd finished --------------------------------------------------------
2025-07-01T03:24:33.632Z DEBUG 2979 --- [flowable-spring-boot] [           main] o.f.c.e.impl.interceptor.LogInterceptor  : --- starting TaskQueryImpl --------------------------------------------------------
2025-07-01T03:24:33.632Z DEBUG 2979 --- [flowable-spring-boot] [           main] o.f.c.s.SpringTransactionInterceptor     : Running command with propagation REQUIRED
2025-07-01T03:24:33.632Z DEBUG 2979 --- [flowable-spring-boot] [           main] o.f.c.engine.impl.agenda.AbstractAgenda  : Operation class org.flowable.engine.impl.interceptor.CommandInvoker$1 added to agenda
2025-07-01T03:24:33.632Z DEBUG 2979 --- [flowable-spring-boot] [           main] o.f.e.impl.interceptor.CommandInvoker    : Executing operation class org.flowable.engine.impl.interceptor.CommandInvoker$1
2025-07-01T03:24:33.633Z DEBUG 2979 --- [flowable-spring-boot] [           main] .f.t.s.i.p.e.T.selectTaskByQueryCriteria : ==>  Preparing: SELECT RES.* from ACT_RU_TASK RES WHERE RES.PROC_INST_ID_ = ? order by RES.ID_ asc
2025-07-01T03:24:33.633Z DEBUG 2979 --- [flowable-spring-boot] [           main] .f.t.s.i.p.e.T.selectTaskByQueryCriteria : ==> Parameters: e86825c4-562a-11f0-8b42-aafe1edc1c17(String)
2025-07-01T03:24:33.634Z DEBUG 2979 --- [flowable-spring-boot] [           main] .f.t.s.i.p.e.T.selectTaskByQueryCriteria : <==      Total: 1
2025-07-01T03:24:33.634Z DEBUG 2979 --- [flowable-spring-boot] [           main] o.f.common.engine.impl.db.DbSqlSession   : Flushing dbSqlSession
2025-07-01T03:24:33.634Z DEBUG 2979 --- [flowable-spring-boot] [           main] o.f.common.engine.impl.db.DbSqlSession   : flush summary: 0 insert, 0 update, 0 delete.
2025-07-01T03:24:33.634Z DEBUG 2979 --- [flowable-spring-boot] [           main] o.f.common.engine.impl.db.DbSqlSession   : now executing flush...
2025-07-01T03:24:33.634Z DEBUG 2979 --- [flowable-spring-boot] [           main] o.f.c.e.impl.interceptor.LogInterceptor  : --- TaskQueryImpl finished --------------------------------------------------------
]]></system-out>
  </testcase>
</testsuite>